[01m[K/home/shruthir/CSE180FinalProject/src/finalProject/src/navigation.cpp:160:10:[m[K [01;31m[Kfatal error: [m[Knav2_msgs/action/go_to_pose.hpp: No such file or directory
  160 | #include [01;31m[K<nav2_msgs/action/go_to_pose.hpp>[m[K
      |          [01;31m[K^~~~~~~~~~~~~~~~~~~~~~~~~~~~~~~~~[m[K
compilation terminated.
gmake[2]: *** [CMakeFiles/navigation_node.dir/build.make:76: CMakeFiles/navigation_node.dir/src/navigation.cpp.o] Error 1
gmake[1]: *** [CMakeFiles/Makefile2:141: CMakeFiles/navigation_node.dir/all] Error 2
gmake[1]: *** Waiting for unfinished jobs....
gmake: *** [Makefile:146: all] Error 2
