[0.022s] Invoking command in '/home/shruthir/CSE180FinalProject/build/finalProject': CMAKE_PREFIX_PATH=${CMAKE_PREFIX_PATH}:/opt/ros/jazzy DEBUGINFOD_URLS=https://debuginfod.ubuntu.com /usr/bin/cmake --build /home/shruthir/CSE180FinalProject/build/finalProject -- -j12 -l12
[0.100s] [ 33%] Built target locomotion_node
[0.105s] [ 50%] [32mBuilding CXX object CMakeFiles/perception_node.dir/src/perception.cpp.o[0m
[0.106s] [ 66%] [32mBuilding CXX object CMakeFiles/navigation_node.dir/src/navigation.cpp.o[0m
[0.447s] [01m[K/home/shruthir/CSE180FinalProject/src/finalProject/src/navigation.cpp:160:10:[m[K [01;31m[Kfatal error: [m[Knav2_msgs/action/go_to_pose.hpp: No such file or directory
[0.447s]   160 | #include [01;31m[K<nav2_msgs/action/go_to_pose.hpp>[m[K
[0.447s]       |          [01;31m[K^~~~~~~~~~~~~~~~~~~~~~~~~~~~~~~~~[m[K
[0.448s] compilation terminated.
[0.451s] gmake[2]: *** [CMakeFiles/navigation_node.dir/build.make:76: CMakeFiles/navigation_node.dir/src/navigation.cpp.o] Error 1
[0.452s] gmake[1]: *** [CMakeFiles/Makefile2:141: CMakeFiles/navigation_node.dir/all] Error 2
[0.452s] gmake[1]: *** Waiting for unfinished jobs....
[15.555s] [ 83%] [32m[1mLinking CXX executable perception_node[0m
[16.331s] [ 83%] Built target perception_node
[16.333s] gmake: *** [Makefile:146: all] Error 2
[16.343s] Invoked command in '/home/shruthir/CSE180FinalProject/build/finalProject' returned '2': CMAKE_PREFIX_PATH=${CMAKE_PREFIX_PATH}:/opt/ros/jazzy DEBUGINFOD_URLS=https://debuginfod.ubuntu.com /usr/bin/cmake --build /home/shruthir/CSE180FinalProject/build/finalProject -- -j12 -l12
