[0.016s] Invoking command in '/home/shruthir/CSE180FinalProject/build/finalProject': CMAKE_PREFIX_PATH=${CMAKE_PREFIX_PATH}:/opt/ros/jazzy DEBUGINFOD_URLS=https://debuginfod.ubuntu.com /usr/bin/cmake --build /home/shruthir/CSE180FinalProject/build/finalProject -- -j12 -l12
[0.071s] [ 33%] Built target perception_node
[0.075s] [ 66%] Built target locomotion_node
[0.076s] [ 83%] [32mBuilding CXX object CMakeFiles/navigation_node.dir/src/navigation.cpp.o[0m
[2.847s] [01m[K/home/shruthir/CSE180FinalProject/src/finalProject/src/navigation.cpp:[m[K In constructor â€˜[01m[KNavigationNode::[01;32m[KNavigationNode[m[K()[m[Kâ€™:
[2.847s] [01m[K/home/shruthir/CSE180FinalProject/src/finalProject/src/navigation.cpp:224:25:[m[K [01;31m[Kerror: [m[Kâ€˜[01m[KinitalPos[m[Kâ€™ is not a member of â€˜[01m[Kgeometry_msgs::msg[m[Kâ€™
[2.847s]   224 |     geometry_msgs::msg::[01;31m[KinitalPos[m[K h1;
[2.848s]       |                         [01;31m[K^~~~~~~~~[m[K
[2.882s] [01m[K/home/shruthir/CSE180FinalProject/src/finalProject/src/navigation.cpp:[m[K In function â€˜[01m[Kvoid[01;32m[K callback[m[K(nav_msgs::msg::OccupancyGrid_<std::allocator<void> >::SharedPtr)[m[Kâ€™:
[2.882s] [01m[K/home/shruthir/CSE180FinalProject/src/finalProject/src/navigation.cpp:348:61:[m[K [01;35m[Kwarning: [m[Kunused parameter â€˜[01m[Kmsg[m[Kâ€™ [[01;35m[K]8;;https://gcc.gnu.org/onlinedocs/gcc/Warning-Options.html#index-Wunused-parameter-Wunused-parameter]8;;[m[K]
[2.882s]   348 | void callback([01;35m[Kconst nav_msgs::msg::OccupancyGrid::SharedPtr msg[m[K){
[2.882s]       |               [01;35m[K~~~~~~~~~~~~~~~~~~~~~~~~~~~~~~~~~~~~~~~~~~~~~~^~~[m[K
[6.227s] gmake[2]: *** [CMakeFiles/navigation_node.dir/build.make:76: CMakeFiles/navigation_node.dir/src/navigation.cpp.o] Error 1
[6.228s] gmake[1]: *** [CMakeFiles/Makefile2:141: CMakeFiles/navigation_node.dir/all] Error 2
[6.228s] gmake: *** [Makefile:146: all] Error 2
[6.230s] Invoked command in '/home/shruthir/CSE180FinalProject/build/finalProject' returned '2': CMAKE_PREFIX_PATH=${CMAKE_PREFIX_PATH}:/opt/ros/jazzy DEBUGINFOD_URLS=https://debuginfod.ubuntu.com /usr/bin/cmake --build /home/shruthir/CSE180FinalProject/build/finalProject -- -j12 -l12
