[01m[K/home/shruthir/CSE180FinalProject/src/finalProject/src/navigation.cpp:25:37:[m[K [01;31m[Kerror: [m[Kâ€˜[01m[Knav2_msgs[m[Kâ€™ in namespace â€˜[01m[Krclcpp_action[m[Kâ€™ does not name a type
   25 |   using LoadingMap = rclcpp_action::[01;31m[Knav2_msgs[m[K::::OccupancyGrid
      |                                     [01;31m[K^~~~~~~~~[m[K
[01m[K/home/shruthir/CSE180FinalProject/src/finalProject/src/navigation.cpp:133:32:[m[K [01;31m[Kerror: [m[Kâ€˜[01m[KGoalHandleNav[m[Kâ€™ does not name a type; did you mean â€˜[01m[KGoalHandleNavigate[m[Kâ€™?
  133 |   void navResultCallback(const [01;31m[KGoalHandleNav[m[K::WrappedResult &result){
      |                                [01;31m[K^~~~~~~~~~~~~[m[K
      |                                [32m[KGoalHandleNavigate[m[K
[01m[K/home/shruthir/CSE180FinalProject/src/finalProject/src/navigation.cpp:133:61:[m[K [01;31m[Kerror: [m[Kexpected unqualified-id before â€˜[01m[K&[m[Kâ€™ token
  133 |   void navResultCallback(const GoalHandleNav::WrappedResult [01;31m[K&[m[Kresult){
      |                                                             [01;31m[K^[m[K
[01m[K/home/shruthir/CSE180FinalProject/src/finalProject/src/navigation.cpp:133:60:[m[K [01;31m[Kerror: [m[Kexpected â€˜[01m[K)[m[Kâ€™ before â€˜[01m[K&[m[Kâ€™ token
  133 |   void navResultCallback[34m[K([m[Kconst GoalHandleNav::WrappedResult[01;31m[K [m[K[32m[K&[m[Kresult){
      |                         [34m[K~[m[K                                  [01;31m[K^[m[K[32m[K~[m[K
      |                                                            [32m[K)[m[K
[01m[K/home/shruthir/CSE180FinalProject/src/finalProject/src/navigation.cpp:133:61:[m[K [01;31m[Kerror: [m[Kexpected â€˜[01m[K;[m[Kâ€™ at end of member declaration
  133 |   void navResultCallback(const GoalHandleNav::WrappedResult [01;31m[K&[m[Kresult){
      |                                                             [01;31m[K^[m[K
      |                                                              [32m[K;[m[K
[01m[K/home/shruthir/CSE180FinalProject/src/finalProject/src/navigation.cpp:133:62:[m[K [01;31m[Kerror: [m[Kâ€˜[01m[Kresult[m[Kâ€™ does not name a type
  133 |   void navResultCallback(const GoalHandleNav::WrappedResult &[01;31m[Kresult[m[K){
      |                                                              [01;31m[K^~~~~~[m[K
[01m[K/home/shruthir/CSE180FinalProject/src/finalProject/src/navigation.cpp:179:25:[m[K [01;31m[Kerror: [m[Kâ€˜[01m[KNavigateToPose[m[Kâ€™ was not declared in this scope; did you mean â€˜[01m[Knav2_msgs::action::NavigateToPose[m[Kâ€™?
  179 |   rclcpp_action::Client<[01;31m[KNavigateToPose[m[K>::SharedPtr nav_client_;
      |                         [01;31m[K^~~~~~~~~~~~~~[m[K
      |                         [32m[Knav2_msgs::action::NavigateToPose[m[K
In file included from [01m[K/opt/ros/jazzy/include/nav2_msgs/nav2_msgs/action/navigate_to_pose.hpp:7[m[K,
                 from [01m[K/home/shruthir/CSE180FinalProject/src/finalProject/src/navigation.cpp:9[m[K:
[01m[K/opt/ros/jazzy/include/nav2_msgs/nav2_msgs/action/detail/navigate_to_pose__struct.hpp:1435:31:[m[K [01;36m[Knote: [m[Kâ€˜[01m[Knav2_msgs::action::NavigateToPose[m[Kâ€™ declared here
 1435 | typedef struct NavigateToPose [01;36m[KNavigateToPose[m[K;
      |                               [01;36m[K^~~~~~~~~~~~~~[m[K
[01m[K/home/shruthir/CSE180FinalProject/src/finalProject/src/navigation.cpp:179:39:[m[K [01;31m[Kerror: [m[Ktemplate argument 1 is invalid
  179 |   rclcpp_action::Client<NavigateToPose[01;31m[K>[m[K::SharedPtr nav_client_;
      |                                       [01;31m[K^[m[K
[01m[K/home/shruthir/CSE180FinalProject/src/finalProject/src/navigation.cpp:179:42:[m[K [01;31m[Kerror: [m[Kexpected â€˜[01m[K;[m[Kâ€™ at end of member declaration
  179 |   rclcpp_action::Client<NavigateToPose>::[01;31m[KSharedPtr[m[K nav_client_;
      |                                          [01;31m[K^~~~~~~~~[m[K
      |                                                   [32m[K;[m[K
[01m[K/home/shruthir/CSE180FinalProject/src/finalProject/src/navigation.cpp:179:52:[m[K [01;31m[Kerror: [m[Kâ€˜[01m[Knav_client_[m[Kâ€™ does not name a type; did you mean â€˜[01m[Krmw_client_t[m[Kâ€™?
  179 |   rclcpp_action::Client<NavigateToPose>::SharedPtr [01;31m[Knav_client_[m[K;
      |                                                    [01;31m[K^~~~~~~~~~~[m[K
      |                                                    [32m[Krmw_client_t[m[K
[01m[K/home/shruthir/CSE180FinalProject/src/finalProject/src/navigation.cpp:[m[K In member function â€˜[01m[Kvoid NavigationNode::[01;32m[KpatrolStep[m[K()[m[Kâ€™:
[01m[K/home/shruthir/CSE180FinalProject/src/finalProject/src/navigation.cpp:93:10:[m[K [01;31m[Kerror: [m[Kâ€˜[01m[Knav_client_[m[Kâ€™ was not declared in this scope; did you mean â€˜[01m[Krmw_client_t[m[Kâ€™?
   93 |     if (![01;31m[Knav_client_[m[K->wait_for_action_server(500ms)) {
      |          [01;31m[K^~~~~~~~~~~[m[K
      |          [32m[Krmw_client_t[m[K
[01m[K/home/shruthir/CSE180FinalProject/src/finalProject/src/navigation.cpp:109:5:[m[K [01;31m[Kerror: [m[Kâ€˜[01m[KGoToPose[m[Kâ€™ has not been declared
  109 |     [01;31m[KGoToPose[m[K::Goal goal;
      |     [01;31m[K^~~~~~~~[m[K
[01m[K/home/shruthir/CSE180FinalProject/src/finalProject/src/navigation.cpp:110:5:[m[K [01;31m[Kerror: [m[Kâ€˜[01m[Kgoal[m[Kâ€™ was not declared in this scope
  110 |     [01;31m[Kgoal[m[K.pose = goal_pose;
      |     [01;31m[K^~~~[m[K
[01m[K/home/shruthir/CSE180FinalProject/src/finalProject/src/navigation.cpp:120:42:[m[K [01;31m[Kerror: [m[Kâ€˜[01m[KGoToPose[m[Kâ€™ was not declared in this scope
  120 |     auto options = rclcpp_action::Client<[01;31m[KGoToPose[m[K>::SendGoalOptions();
      |                                          [01;31m[K^~~~~~~~[m[K
[01m[K/home/shruthir/CSE180FinalProject/src/finalProject/src/navigation.cpp:120:50:[m[K [01;31m[Kerror: [m[Ktemplate argument 1 is invalid
  120 |     auto options = rclcpp_action::Client<GoToPose[01;31m[K>[m[K::SendGoalOptions();
      |                                                  [01;31m[K^[m[K
[01m[K/home/shruthir/CSE180FinalProject/src/finalProject/src/navigation.cpp:126:5:[m[K [01;31m[Kerror: [m[Kâ€˜[01m[Knav_client_[m[Kâ€™ was not declared in this scope; did you mean â€˜[01m[Krmw_client_t[m[Kâ€™?
  126 |     [01;31m[Knav_client_[m[K->async_send_goal(goal, options);
      |     [01;31m[K^~~~~~~~~~~[m[K
      |     [32m[Krmw_client_t[m[K
[01m[K/home/shruthir/CSE180FinalProject/src/finalProject/src/navigation.cpp:[m[K In member function â€˜[01m[Kvoid NavigationNode::[01;32m[KhumansCallback[m[K(geometry_msgs::msg::PoseArray_<std::allocator<void> >::SharedPtr)[m[Kâ€™:
[01m[K/home/shruthir/CSE180FinalProject/src/finalProject/src/navigation.cpp:147:10:[m[K [01;31m[Kerror: [m[Kâ€˜[01m[Knav_client_[m[Kâ€™ was not declared in this scope; did you mean â€˜[01m[Krmw_client_t[m[Kâ€™?
  147 |     if (![01;31m[Knav_client_[m[K->wait_for_action_server(500ms)) {
      |          [01;31m[K^~~~~~~~~~~[m[K
      |          [32m[Krmw_client_t[m[K
[01m[K/home/shruthir/CSE180FinalProject/src/finalProject/src/navigation.cpp:158:5:[m[K [01;31m[Kerror: [m[Kâ€˜[01m[KNavigateToPose[m[Kâ€™ has not been declared
  158 |     [01;31m[KNavigateToPose[m[K::Goal goal;
      |     [01;31m[K^~~~~~~~~~~~~~[m[K
[01m[K/home/shruthir/CSE180FinalProject/src/finalProject/src/navigation.cpp:159:5:[m[K [01;31m[Kerror: [m[Kâ€˜[01m[Kgoal[m[Kâ€™ was not declared in this scope
  159 |     [01;31m[Kgoal[m[K.pose = target;
      |     [01;31m[K^~~~[m[K
[01m[K/home/shruthir/CSE180FinalProject/src/finalProject/src/navigation.cpp:166:42:[m[K [01;31m[Kerror: [m[Kâ€˜[01m[KNavigateToPose[m[Kâ€™ was not declared in this scope; did you mean â€˜[01m[Knav2_msgs::action::NavigateToPose[m[Kâ€™?
  166 |     auto options = rclcpp_action::Client<[01;31m[KNavigateToPose[m[K>::SendGoalOptions();
      |                                          [01;31m[K^~~~~~~~~~~~~~[m[K
      |                                          [32m[Knav2_msgs::action::NavigateToPose[m[K
[01m[K/opt/ros/jazzy/include/nav2_msgs/nav2_msgs/action/detail/navigate_to_pose__struct.hpp:1435:31:[m[K [01;36m[Knote: [m[Kâ€˜[01m[Knav2_msgs::action::NavigateToPose[m[Kâ€™ declared here
 1435 | typedef struct NavigateToPose [01;36m[KNavigateToPose[m[K;
      |                               [01;36m[K^~~~~~~~~~~~~~[m[K
[01m[K/home/shruthir/CSE180FinalProject/src/finalProject/src/navigation.cpp:166:56:[m[K [01;31m[Kerror: [m[Ktemplate argument 1 is invalid
  166 |     auto options = rclcpp_action::Client<NavigateToPose[01;31m[K>[m[K::SendGoalOptions();
      |                                                        [01;31m[K^[m[K
[01m[K/home/shruthir/CSE180FinalProject/src/finalProject/src/navigation.cpp:167:44:[m[K [01;31m[Kerror: [m[Kâ€˜[01m[KGoalHandleNav[m[Kâ€™ does not name a type; did you mean â€˜[01m[KGoalHandleNavigate[m[Kâ€™?
  167 |     options.result_callback = [this](const [01;31m[KGoalHandleNav[m[K::WrappedResult &res){
      |                                            [01;31m[K^~~~~~~~~~~~~[m[K
      |                                            [32m[KGoalHandleNavigate[m[K
[01m[K/home/shruthir/CSE180FinalProject/src/finalProject/src/navigation.cpp:173:8:[m[K [01;31m[Kerror: [m[Kexpected â€˜[01m[K)[m[Kâ€™ before â€˜[01m[K;[m[Kâ€™ token
  173 |       }[01;31m[K;[m[K
      |        [01;31m[K^[m[K
[01m[K/home/shruthir/CSE180FinalProject/src/finalProject/src/navigation.cpp:167:37:[m[K [01;36m[Knote: [m[Kto match this â€˜[01m[K([m[Kâ€™
  167 |     options.result_callback = [this][01;36m[K([m[Kconst GoalHandleNav::WrappedResult &res){
      |                                     [01;36m[K^[m[K
[01m[K/home/shruthir/CSE180FinalProject/src/finalProject/src/navigation.cpp:[m[K In lambda function:
[01m[K/home/shruthir/CSE180FinalProject/src/finalProject/src/navigation.cpp:173:8:[m[K [01;31m[Kerror: [m[Kexpected â€˜[01m[K{[m[Kâ€™ before â€˜[01m[K;[m[Kâ€™ token
  173 |       }[01;31m[K;[m[K
      |        [01;31m[K^[m[K
[01m[K/home/shruthir/CSE180FinalProject/src/finalProject/src/navigation.cpp:[m[K In member function â€˜[01m[Kvoid NavigationNode::[01;32m[KhumansCallback[m[K(geometry_msgs::msg::PoseArray_<std::allocator<void> >::SharedPtr)[m[Kâ€™:
[01m[K/home/shruthir/CSE180FinalProject/src/finalProject/src/navigation.cpp:176:5:[m[K [01;31m[Kerror: [m[Kâ€˜[01m[Knav_client_[m[Kâ€™ was not declared in this scope; did you mean â€˜[01m[Krmw_client_t[m[Kâ€™?
  176 |     [01;31m[Knav_client_[m[K->async_send_goal(goal, options);
      |     [01;31m[K^~~~~~~~~~~[m[K
      |     [32m[Krmw_client_t[m[K
[01m[K/home/shruthir/CSE180FinalProject/src/finalProject/src/navigation.cpp:[m[K In function â€˜[01m[Kint[01;32m[K main[m[K(int, char**)[m[Kâ€™:
[01m[K/home/shruthir/CSE180FinalProject/src/finalProject/src/navigation.cpp:190:16:[m[K [01;31m[Kerror: [m[Kâ€˜[01m[Knodeh[m[Kâ€™ was not declared in this scope
  190 |   rclcpp::spin([01;31m[Knodeh[m[K);
      |                [01;31m[K^~~~~[m[K
gmake[2]: *** [CMakeFiles/navigation_node.dir/build.make:76: CMakeFiles/navigation_node.dir/src/navigation.cpp.o] Error 1
gmake[1]: *** [CMakeFiles/Makefile2:141: CMakeFiles/navigation_node.dir/all] Error 2
gmake: *** [Makefile:146: all] Error 2
