[0.012s] Invoking command in '/home/shruthir/CSE180FinalProject/build/finalProject': CMAKE_PREFIX_PATH=${CMAKE_PREFIX_PATH}:/opt/ros/jazzy DEBUGINFOD_URLS=https://debuginfod.ubuntu.com /usr/bin/cmake --build /home/shruthir/CSE180FinalProject/build/finalProject -- -j12 -l12
[0.065s] [ 33%] Built target perception_node
[0.067s] [ 50%] [32mBuilding CXX object CMakeFiles/navigation_node.dir/src/navigation.cpp.o[0m
[0.075s] [ 83%] Built target locomotion_node
[2.857s] [01m[K/home/shruthir/CSE180FinalProject/src/finalProject/src/navigation.cpp:25:37:[m[K [01;31m[Kerror: [m[Kâ€˜[01m[Knav2_msgs[m[Kâ€™ in namespace â€˜[01m[Krclcpp_action[m[Kâ€™ does not name a type
[2.858s]    25 |   using LoadingMap = rclcpp_action::[01;31m[Knav2_msgs[m[K::::OccupancyGrid
[2.858s]       |                                     [01;31m[K^~~~~~~~~[m[K
[2.862s] [01m[K/home/shruthir/CSE180FinalProject/src/finalProject/src/navigation.cpp:133:32:[m[K [01;31m[Kerror: [m[Kâ€˜[01m[KGoalHandleNav[m[Kâ€™ does not name a type; did you mean â€˜[01m[KGoalHandleNavigate[m[Kâ€™?
[2.862s]   133 |   void navResultCallback(const [01;31m[KGoalHandleNav[m[K::WrappedResult &result){
[2.862s]       |                                [01;31m[K^~~~~~~~~~~~~[m[K
[2.862s]       |                                [32m[KGoalHandleNavigate[m[K
[2.862s] [01m[K/home/shruthir/CSE180FinalProject/src/finalProject/src/navigation.cpp:133:61:[m[K [01;31m[Kerror: [m[Kexpected unqualified-id before â€˜[01m[K&[m[Kâ€™ token
[2.863s]   133 |   void navResultCallback(const GoalHandleNav::WrappedResult [01;31m[K&[m[Kresult){
[2.863s]       |                                                             [01;31m[K^[m[K
[2.863s] [01m[K/home/shruthir/CSE180FinalProject/src/finalProject/src/navigation.cpp:133:60:[m[K [01;31m[Kerror: [m[Kexpected â€˜[01m[K)[m[Kâ€™ before â€˜[01m[K&[m[Kâ€™ token
[2.863s]   133 |   void navResultCallback[34m[K([m[Kconst GoalHandleNav::WrappedResult[01;31m[K [m[K[32m[K&[m[Kresult){
[2.863s]       |                         [34m[K~[m[K                                  [01;31m[K^[m[K[32m[K~[m[K
[2.863s]       |                                                            [32m[K)[m[K
[2.863s] [01m[K/home/shruthir/CSE180FinalProject/src/finalProject/src/navigation.cpp:133:61:[m[K [01;31m[Kerror: [m[Kexpected â€˜[01m[K;[m[Kâ€™ at end of member declaration
[2.863s]   133 |   void navResultCallback(const GoalHandleNav::WrappedResult [01;31m[K&[m[Kresult){
[2.864s]       |                                                             [01;31m[K^[m[K
[2.864s]       |                                                              [32m[K;[m[K
[2.865s] [01m[K/home/shruthir/CSE180FinalProject/src/finalProject/src/navigation.cpp:133:62:[m[K [01;31m[Kerror: [m[Kâ€˜[01m[Kresult[m[Kâ€™ does not name a type
[2.865s]   133 |   void navResultCallback(const GoalHandleNav::WrappedResult &[01;31m[Kresult[m[K){
[2.865s]       |                                                              [01;31m[K^~~~~~[m[K
[2.867s] [01m[K/home/shruthir/CSE180FinalProject/src/finalProject/src/navigation.cpp:179:25:[m[K [01;31m[Kerror: [m[Kâ€˜[01m[KNavigateToPose[m[Kâ€™ was not declared in this scope; did you mean â€˜[01m[Knav2_msgs::action::NavigateToPose[m[Kâ€™?
[2.867s]   179 |   rclcpp_action::Client<[01;31m[KNavigateToPose[m[K>::SharedPtr nav_client_;
[2.867s]       |                         [01;31m[K^~~~~~~~~~~~~~[m[K
[2.867s]       |                         [32m[Knav2_msgs::action::NavigateToPose[m[K
[2.867s] In file included from [01m[K/opt/ros/jazzy/include/nav2_msgs/nav2_msgs/action/navigate_to_pose.hpp:7[m[K,
[2.867s]                  from [01m[K/home/shruthir/CSE180FinalProject/src/finalProject/src/navigation.cpp:9[m[K:
[2.867s] [01m[K/opt/ros/jazzy/include/nav2_msgs/nav2_msgs/action/detail/navigate_to_pose__struct.hpp:1435:31:[m[K [01;36m[Knote: [m[Kâ€˜[01m[Knav2_msgs::action::NavigateToPose[m[Kâ€™ declared here
[2.867s]  1435 | typedef struct NavigateToPose [01;36m[KNavigateToPose[m[K;
[2.867s]       |                               [01;36m[K^~~~~~~~~~~~~~[m[K
[2.867s] [01m[K/home/shruthir/CSE180FinalProject/src/finalProject/src/navigation.cpp:179:39:[m[K [01;31m[Kerror: [m[Ktemplate argument 1 is invalid
[2.867s]   179 |   rclcpp_action::Client<NavigateToPose[01;31m[K>[m[K::SharedPtr nav_client_;
[2.867s]       |                                       [01;31m[K^[m[K
[2.867s] [01m[K/home/shruthir/CSE180FinalProject/src/finalProject/src/navigation.cpp:179:42:[m[K [01;31m[Kerror: [m[Kexpected â€˜[01m[K;[m[Kâ€™ at end of member declaration
[2.867s]   179 |   rclcpp_action::Client<NavigateToPose>::[01;31m[KSharedPtr[m[K nav_client_;
[2.867s]       |                                          [01;31m[K^~~~~~~~~[m[K
[2.868s]       |                                                   [32m[K;[m[K
[2.869s] [01m[K/home/shruthir/CSE180FinalProject/src/finalProject/src/navigation.cpp:179:52:[m[K [01;31m[Kerror: [m[Kâ€˜[01m[Knav_client_[m[Kâ€™ does not name a type; did you mean â€˜[01m[Krmw_client_t[m[Kâ€™?
[2.869s]   179 |   rclcpp_action::Client<NavigateToPose>::SharedPtr [01;31m[Knav_client_[m[K;
[2.869s]       |                                                    [01;31m[K^~~~~~~~~~~[m[K
[2.869s]       |                                                    [32m[Krmw_client_t[m[K
[2.902s] [01m[K/home/shruthir/CSE180FinalProject/src/finalProject/src/navigation.cpp:[m[K In member function â€˜[01m[Kvoid NavigationNode::[01;32m[KpatrolStep[m[K()[m[Kâ€™:
[2.903s] [01m[K/home/shruthir/CSE180FinalProject/src/finalProject/src/navigation.cpp:93:10:[m[K [01;31m[Kerror: [m[Kâ€˜[01m[Knav_client_[m[Kâ€™ was not declared in this scope; did you mean â€˜[01m[Krmw_client_t[m[Kâ€™?
[2.903s]    93 |     if (![01;31m[Knav_client_[m[K->wait_for_action_server(500ms)) {
[2.903s]       |          [01;31m[K^~~~~~~~~~~[m[K
[2.903s]       |          [32m[Krmw_client_t[m[K
[2.903s] [01m[K/home/shruthir/CSE180FinalProject/src/finalProject/src/navigation.cpp:109:5:[m[K [01;31m[Kerror: [m[Kâ€˜[01m[KGoToPose[m[Kâ€™ has not been declared
[2.904s]   109 |     [01;31m[KGoToPose[m[K::Goal goal;
[2.904s]       |     [01;31m[K^~~~~~~~[m[K
[2.909s] [01m[K/home/shruthir/CSE180FinalProject/src/finalProject/src/navigation.cpp:110:5:[m[K [01;31m[Kerror: [m[Kâ€˜[01m[Kgoal[m[Kâ€™ was not declared in this scope
[2.909s]   110 |     [01;31m[Kgoal[m[K.pose = goal_pose;
[2.910s]       |     [01;31m[K^~~~[m[K
[2.917s] [01m[K/home/shruthir/CSE180FinalProject/src/finalProject/src/navigation.cpp:120:42:[m[K [01;31m[Kerror: [m[Kâ€˜[01m[KGoToPose[m[Kâ€™ was not declared in this scope
[2.917s]   120 |     auto options = rclcpp_action::Client<[01;31m[KGoToPose[m[K>::SendGoalOptions();
[2.917s]       |                                          [01;31m[K^~~~~~~~[m[K
[2.917s] [01m[K/home/shruthir/CSE180FinalProject/src/finalProject/src/navigation.cpp:120:50:[m[K [01;31m[Kerror: [m[Ktemplate argument 1 is invalid
[2.917s]   120 |     auto options = rclcpp_action::Client<GoToPose[01;31m[K>[m[K::SendGoalOptions();
[2.917s]       |                                                  [01;31m[K^[m[K
[2.930s] [01m[K/home/shruthir/CSE180FinalProject/src/finalProject/src/navigation.cpp:126:5:[m[K [01;31m[Kerror: [m[Kâ€˜[01m[Knav_client_[m[Kâ€™ was not declared in this scope; did you mean â€˜[01m[Krmw_client_t[m[Kâ€™?
[2.930s]   126 |     [01;31m[Knav_client_[m[K->async_send_goal(goal, options);
[2.930s]       |     [01;31m[K^~~~~~~~~~~[m[K
[2.930s]       |     [32m[Krmw_client_t[m[K
[2.941s] [01m[K/home/shruthir/CSE180FinalProject/src/finalProject/src/navigation.cpp:[m[K In member function â€˜[01m[Kvoid NavigationNode::[01;32m[KhumansCallback[m[K(geometry_msgs::msg::PoseArray_<std::allocator<void> >::SharedPtr)[m[Kâ€™:
[2.941s] [01m[K/home/shruthir/CSE180FinalProject/src/finalProject/src/navigation.cpp:147:10:[m[K [01;31m[Kerror: [m[Kâ€˜[01m[Knav_client_[m[Kâ€™ was not declared in this scope; did you mean â€˜[01m[Krmw_client_t[m[Kâ€™?
[2.941s]   147 |     if (![01;31m[Knav_client_[m[K->wait_for_action_server(500ms)) {
[2.941s]       |          [01;31m[K^~~~~~~~~~~[m[K
[2.941s]       |          [32m[Krmw_client_t[m[K
[2.941s] [01m[K/home/shruthir/CSE180FinalProject/src/finalProject/src/navigation.cpp:158:5:[m[K [01;31m[Kerror: [m[Kâ€˜[01m[KNavigateToPose[m[Kâ€™ has not been declared
[2.941s]   158 |     [01;31m[KNavigateToPose[m[K::Goal goal;
[2.941s]       |     [01;31m[K^~~~~~~~~~~~~~[m[K
[2.947s] [01m[K/home/shruthir/CSE180FinalProject/src/finalProject/src/navigation.cpp:159:5:[m[K [01;31m[Kerror: [m[Kâ€˜[01m[Kgoal[m[Kâ€™ was not declared in this scope
[2.947s]   159 |     [01;31m[Kgoal[m[K.pose = target;
[2.947s]       |     [01;31m[K^~~~[m[K
[2.948s] [01m[K/home/shruthir/CSE180FinalProject/src/finalProject/src/navigation.cpp:166:42:[m[K [01;31m[Kerror: [m[Kâ€˜[01m[KNavigateToPose[m[Kâ€™ was not declared in this scope; did you mean â€˜[01m[Knav2_msgs::action::NavigateToPose[m[Kâ€™?
[2.949s]   166 |     auto options = rclcpp_action::Client<[01;31m[KNavigateToPose[m[K>::SendGoalOptions();
[2.949s]       |                                          [01;31m[K^~~~~~~~~~~~~~[m[K
[2.949s]       |                                          [32m[Knav2_msgs::action::NavigateToPose[m[K
[2.949s] [01m[K/opt/ros/jazzy/include/nav2_msgs/nav2_msgs/action/detail/navigate_to_pose__struct.hpp:1435:31:[m[K [01;36m[Knote: [m[Kâ€˜[01m[Knav2_msgs::action::NavigateToPose[m[Kâ€™ declared here
[2.949s]  1435 | typedef struct NavigateToPose [01;36m[KNavigateToPose[m[K;
[2.949s]       |                               [01;36m[K^~~~~~~~~~~~~~[m[K
[2.949s] [01m[K/home/shruthir/CSE180FinalProject/src/finalProject/src/navigation.cpp:166:56:[m[K [01;31m[Kerror: [m[Ktemplate argument 1 is invalid
[2.950s]   166 |     auto options = rclcpp_action::Client<NavigateToPose[01;31m[K>[m[K::SendGoalOptions();
[2.950s]       |                                                        [01;31m[K^[m[K
[2.950s] [01m[K/home/shruthir/CSE180FinalProject/src/finalProject/src/navigation.cpp:167:44:[m[K [01;31m[Kerror: [m[Kâ€˜[01m[KGoalHandleNav[m[Kâ€™ does not name a type; did you mean â€˜[01m[KGoalHandleNavigate[m[Kâ€™?
[2.950s]   167 |     options.result_callback = [this](const [01;31m[KGoalHandleNav[m[K::WrappedResult &res){
[2.951s]       |                                            [01;31m[K^~~~~~~~~~~~~[m[K
[2.951s]       |                                            [32m[KGoalHandleNavigate[m[K
[2.951s] [01m[K/home/shruthir/CSE180FinalProject/src/finalProject/src/navigation.cpp:173:8:[m[K [01;31m[Kerror: [m[Kexpected â€˜[01m[K)[m[Kâ€™ before â€˜[01m[K;[m[Kâ€™ token
[2.951s]   173 |       }[01;31m[K;[m[K
[2.951s]       |        [01;31m[K^[m[K
[2.951s] [01m[K/home/shruthir/CSE180FinalProject/src/finalProject/src/navigation.cpp:167:37:[m[K [01;36m[Knote: [m[Kto match this â€˜[01m[K([m[Kâ€™
[2.951s]   167 |     options.result_callback = [this][01;36m[K([m[Kconst GoalHandleNav::WrappedResult &res){
[2.951s]       |                                     [01;36m[K^[m[K
[2.951s] [01m[K/home/shruthir/CSE180FinalProject/src/finalProject/src/navigation.cpp:[m[K In lambda function:
[2.951s] [01m[K/home/shruthir/CSE180FinalProject/src/finalProject/src/navigation.cpp:173:8:[m[K [01;31m[Kerror: [m[Kexpected â€˜[01m[K{[m[Kâ€™ before â€˜[01m[K;[m[Kâ€™ token
[2.951s]   173 |       }[01;31m[K;[m[K
[2.951s]       |        [01;31m[K^[m[K
[2.957s] [01m[K/home/shruthir/CSE180FinalProject/src/finalProject/src/navigation.cpp:[m[K In member function â€˜[01m[Kvoid NavigationNode::[01;32m[KhumansCallback[m[K(geometry_msgs::msg::PoseArray_<std::allocator<void> >::SharedPtr)[m[Kâ€™:
[2.957s] [01m[K/home/shruthir/CSE180FinalProject/src/finalProject/src/navigation.cpp:176:5:[m[K [01;31m[Kerror: [m[Kâ€˜[01m[Knav_client_[m[Kâ€™ was not declared in this scope; did you mean â€˜[01m[Krmw_client_t[m[Kâ€™?
[2.957s]   176 |     [01;31m[Knav_client_[m[K->async_send_goal(goal, options);
[2.957s]       |     [01;31m[K^~~~~~~~~~~[m[K
[2.957s]       |     [32m[Krmw_client_t[m[K
[2.963s] [01m[K/home/shruthir/CSE180FinalProject/src/finalProject/src/navigation.cpp:[m[K In function â€˜[01m[Kint[01;32m[K main[m[K(int, char**)[m[Kâ€™:
[2.963s] [01m[K/home/shruthir/CSE180FinalProject/src/finalProject/src/navigation.cpp:190:16:[m[K [01;31m[Kerror: [m[Kâ€˜[01m[Knodeh[m[Kâ€™ was not declared in this scope
[2.963s]   190 |   rclcpp::spin([01;31m[Knodeh[m[K);
[2.963s]       |                [01;31m[K^~~~~[m[K
[3.938s] gmake[2]: *** [CMakeFiles/navigation_node.dir/build.make:76: CMakeFiles/navigation_node.dir/src/navigation.cpp.o] Error 1
[3.938s] gmake[1]: *** [CMakeFiles/Makefile2:141: CMakeFiles/navigation_node.dir/all] Error 2
[3.939s] gmake: *** [Makefile:146: all] Error 2
[3.946s] Invoked command in '/home/shruthir/CSE180FinalProject/build/finalProject' returned '2': CMAKE_PREFIX_PATH=${CMAKE_PREFIX_PATH}:/opt/ros/jazzy DEBUGINFOD_URLS=https://debuginfod.ubuntu.com /usr/bin/cmake --build /home/shruthir/CSE180FinalProject/build/finalProject -- -j12 -l12
