[ 66%] Built target locomotion_node
[ 66%] Built target perception_node
[ 83%] [32mBuilding CXX object CMakeFiles/navigation_node.dir/src/navigation.cpp.o[0m
[01m[K/home/shruthir/CSE180FinalProject/src/finalProject/src/navigation.cpp:[m[K In constructor â€˜[01m[KNavigationNode::[01;32m[KNavigationNode[m[K()[m[Kâ€™:
[01m[K/home/shruthir/CSE180FinalProject/src/finalProject/src/navigation.cpp:224:38:[m[K [01;31m[Kerror: [m[Kexpected initializer before â€˜[01m[Kh1[m[Kâ€™
  224 |     geometry_msgs::msg::Pose my_pose [01;31m[Kh1[m[K, h2;
      |                                      [01;31m[K^~[m[K
[01m[K/home/shruthir/CSE180FinalProject/src/finalProject/src/navigation.cpp:[m[K In function â€˜[01m[Kvoid[01;32m[K callback[m[K(nav_msgs::msg::OccupancyGrid_<std::allocator<void> >::SharedPtr)[m[Kâ€™:
[01m[K/home/shruthir/CSE180FinalProject/src/finalProject/src/navigation.cpp:348:61:[m[K [01;35m[Kwarning: [m[Kunused parameter â€˜[01m[Kmsg[m[Kâ€™ [[01;35m[K]8;;https://gcc.gnu.org/onlinedocs/gcc/Warning-Options.html#index-Wunused-parameter-Wunused-parameter]8;;[m[K]
  348 | void callback([01;35m[Kconst nav_msgs::msg::OccupancyGrid::SharedPtr msg[m[K){
      |               [01;35m[K~~~~~~~~~~~~~~~~~~~~~~~~~~~~~~~~~~~~~~~~~~~~~~^~~[m[K
gmake[2]: *** [CMakeFiles/navigation_node.dir/build.make:76: CMakeFiles/navigation_node.dir/src/navigation.cpp.o] Error 1
gmake[1]: *** [CMakeFiles/Makefile2:141: CMakeFiles/navigation_node.dir/all] Error 2
gmake: *** [Makefile:146: all] Error 2
