[01m[K/home/shruthir/CSE180FinalProject/src/finalProject/src/navigation.cpp:[m[K In constructor â€˜[01m[KNavigationNode::[01;32m[KNavigationNode[m[K()[m[Kâ€™:
[01m[K/home/shruthir/CSE180FinalProject/src/finalProject/src/navigation.cpp:217:25:[m[K [01;31m[Kerror: [m[Kâ€˜[01m[KintialPose[m[Kâ€™ is not a member of â€˜[01m[Kgeometry_msgs::msg[m[Kâ€™
  217 |     geometry_msgs::msg::[01;31m[KintialPose[m[K h1, h2;
      |                         [01;31m[K^~~~~~~~~~[m[K
[01m[K/home/shruthir/CSE180FinalProject/src/finalProject/src/navigation.cpp:218:5:[m[K [01;31m[Kerror: [m[Kâ€˜[01m[Kh1[m[Kâ€™ was not declared in this scope; did you mean â€˜[01m[Ky1[m[Kâ€™?
  218 |     [01;31m[Kh1[m[K.position.x = 1.0;
      |     [01;31m[K^~[m[K
      |     [32m[Ky1[m[K
[01m[K/home/shruthir/CSE180FinalProject/src/finalProject/src/navigation.cpp:221:5:[m[K [01;31m[Kerror: [m[Kâ€˜[01m[Kh2[m[Kâ€™ was not declared in this scope
  221 |     [01;31m[Kh2[m[K.position.x = 1.0;
      |     [01;31m[K^~[m[K
[01m[K/home/shruthir/CSE180FinalProject/src/finalProject/src/navigation.cpp:[m[K In function â€˜[01m[Kvoid[01;32m[K callback[m[K(nav_msgs::msg::OccupancyGrid_<std::allocator<void> >::SharedPtr)[m[Kâ€™:
[01m[K/home/shruthir/CSE180FinalProject/src/finalProject/src/navigation.cpp:346:61:[m[K [01;35m[Kwarning: [m[Kunused parameter â€˜[01m[Kmsg[m[Kâ€™ [[01;35m[K]8;;https://gcc.gnu.org/onlinedocs/gcc/Warning-Options.html#index-Wunused-parameter-Wunused-parameter]8;;[m[K]
  346 | void callback([01;35m[Kconst nav_msgs::msg::OccupancyGrid::SharedPtr msg[m[K){
      |               [01;35m[K~~~~~~~~~~~~~~~~~~~~~~~~~~~~~~~~~~~~~~~~~~~~~~^~~[m[K
gmake[2]: *** [CMakeFiles/navigation_node.dir/build.make:76: CMakeFiles/navigation_node.dir/src/navigation.cpp.o] Error 1
gmake[1]: *** [CMakeFiles/Makefile2:141: CMakeFiles/navigation_node.dir/all] Error 2
gmake: *** [Makefile:146: all] Error 2
