[0.032s] Invoking command in '/home/shruthir/CSE180FinalProject/src/build/finalProject': CMAKE_PREFIX_PATH=${CMAKE_PREFIX_PATH}:/opt/ros/jazzy DEBUGINFOD_URLS=https://debuginfod.ubuntu.com /usr/bin/cmake --build /home/shruthir/CSE180FinalProject/src/build/finalProject -- -j12 -l12
[0.214s] [ 16%] [32mBuilding CXX object CMakeFiles/navigation_node.dir/src/navigation.cpp.o[0m
[0.215s] [ 33%] [32mBuilding CXX object CMakeFiles/perception_node.dir/src/perception.cpp.o[0m
[0.215s] [ 66%] Built target locomotion_node
[0.742s] [01m[K/home/shruthir/CSE180FinalProject/src/finalProject/src/navigation.cpp:160:10:[m[K [01;31m[Kfatal error: [m[Knav2_msgs/action/go_to_pose.hpp: No such file or directory
[0.742s]   160 | #include [01;31m[K<nav2_msgs/action/go_to_pose.hpp>[m[K
[0.743s]       |          [01;31m[K^~~~~~~~~~~~~~~~~~~~~~~~~~~~~~~~~[m[K
[0.743s] compilation terminated.
[0.746s] gmake[2]: *** [CMakeFiles/navigation_node.dir/build.make:76: CMakeFiles/navigation_node.dir/src/navigation.cpp.o] Error 1
[0.747s] gmake[1]: *** [CMakeFiles/Makefile2:141: CMakeFiles/navigation_node.dir/all] Error 2
[0.747s] gmake[1]: *** Waiting for unfinished jobs....
[1.868s] gmake[2]: *** [CMakeFiles/perception_node.dir/build.make:76: CMakeFiles/perception_node.dir/src/perception.cpp.o] Interrupt
[1.868s] gmake[1]: *** [CMakeFiles/Makefile2:167: CMakeFiles/perception_node.dir/all] Interrupt
[1.868s] gmake: *** [Makefile:146: all] Interrupt
[1.873s] Invoked command in '/home/shruthir/CSE180FinalProject/src/build/finalProject' returned '-2': CMAKE_PREFIX_PATH=${CMAKE_PREFIX_PATH}:/opt/ros/jazzy DEBUGINFOD_URLS=https://debuginfod.ubuntu.com /usr/bin/cmake --build /home/shruthir/CSE180FinalProject/src/build/finalProject -- -j12 -l12
