[0.026s] Invoking command in '/home/shruthir/CSE180FinalProject/build/finalProject': CMAKE_PREFIX_PATH=${CMAKE_PREFIX_PATH}:/opt/ros/jazzy DEBUGINFOD_URLS=https://debuginfod.ubuntu.com /usr/bin/cmake --build /home/shruthir/CSE180FinalProject/build/finalProject -- -j12 -l12
[0.099s] [ 16%] [32mBuilding CXX object CMakeFiles/navigation_node.dir/src/navigation.cpp.o[0m
[0.106s] [ 50%] Built target perception_node
[0.106s] [ 83%] Built target locomotion_node
[4.240s] [01m[K/home/shruthir/CSE180FinalProject/src/finalProject/src/navigation.cpp:166:39:[m[K [01;31m[Kerror: [m[Kâ€˜[01m[KGoToPose[m[Kâ€™ in namespace â€˜[01m[Knav2_msgs::action[m[Kâ€™ does not name a type
[4.240s]   166 |   using GoToPose = nav2_msgs::action::[01;31m[KGoToPose[m[K;
[4.240s]       |                                       [01;31m[K^~~~~~~~[m[K
[4.254s] [01m[K/home/shruthir/CSE180FinalProject/src/finalProject/src/navigation.cpp:167:57:[m[K [01;31m[Kerror: [m[Kâ€˜[01m[KGoToPose[m[Kâ€™ was not declared in this scope
[4.254s]   167 |   using GoalHandleNav = rclcpp_action::ClientGoalHandle<[01;31m[KGoToPose[m[K>;
[4.254s]       |                                                         [01;31m[K^~~~~~~~[m[K
[4.255s] [01m[K/home/shruthir/CSE180FinalProject/src/finalProject/src/navigation.cpp:167:65:[m[K [01;31m[Kerror: [m[Ktemplate argument 1 is invalid
[4.255s]   167 |   using GoalHandleNav = rclcpp_action::ClientGoalHandle<GoToPose[01;31m[K>[m[K;
[4.255s]       |                                                                 [01;31m[K^[m[K
[4.259s] [01m[K/home/shruthir/CSE180FinalProject/src/finalProject/src/navigation.cpp:237:32:[m[K [01;31m[Kerror: [m[Kâ€˜[01m[KGoalHandleNav[m[Kâ€™ does not name a type
[4.259s]   237 |   void navResultCallback(const [01;31m[KGoalHandleNav[m[K::WrappedResult &result){
[4.259s]       |                                [01;31m[K^~~~~~~~~~~~~[m[K
[4.259s] [01m[K/home/shruthir/CSE180FinalProject/src/finalProject/src/navigation.cpp:237:61:[m[K [01;31m[Kerror: [m[Kexpected unqualified-id before â€˜[01m[K&[m[Kâ€™ token
[4.259s]   237 |   void navResultCallback(const GoalHandleNav::WrappedResult [01;31m[K&[m[Kresult){
[4.259s]       |                                                             [01;31m[K^[m[K
[4.260s] [01m[K/home/shruthir/CSE180FinalProject/src/finalProject/src/navigation.cpp:237:60:[m[K [01;31m[Kerror: [m[Kexpected â€˜[01m[K)[m[Kâ€™ before â€˜[01m[K&[m[Kâ€™ token
[4.260s]   237 |   void navResultCallback[34m[K([m[Kconst GoalHandleNav::WrappedResult[01;31m[K [m[K[32m[K&[m[Kresult){
[4.261s]       |                         [34m[K~[m[K                                  [01;31m[K^[m[K[32m[K~[m[K
[4.261s]       |                                                            [32m[K)[m[K
[4.261s] [01m[K/home/shruthir/CSE180FinalProject/src/finalProject/src/navigation.cpp:237:61:[m[K [01;31m[Kerror: [m[Kexpected â€˜[01m[K;[m[Kâ€™ at end of member declaration
[4.261s]   237 |   void navResultCallback(const GoalHandleNav::WrappedResult [01;31m[K&[m[Kresult){
[4.261s]       |                                                             [01;31m[K^[m[K
[4.261s]       |                                                              [32m[K;[m[K
[4.263s] [01m[K/home/shruthir/CSE180FinalProject/src/finalProject/src/navigation.cpp:237:62:[m[K [01;31m[Kerror: [m[Kâ€˜[01m[Kresult[m[Kâ€™ does not name a type
[4.263s]   237 |   void navResultCallback(const GoalHandleNav::WrappedResult &[01;31m[Kresult[m[K){
[4.263s]       |                                                              [01;31m[K^~~~~~[m[K
[4.276s] [01m[K/home/shruthir/CSE180FinalProject/src/finalProject/src/navigation.cpp:279:25:[m[K [01;31m[Kerror: [m[Kâ€˜[01m[KGoToPose[m[Kâ€™ was not declared in this scope
[4.276s]   279 |   rclcpp_action::Client<[01;31m[KGoToPose[m[K>::SharedPtr nav_client_;
[4.276s]       |                         [01;31m[K^~~~~~~~[m[K
[4.276s] [01m[K/home/shruthir/CSE180FinalProject/src/finalProject/src/navigation.cpp:279:33:[m[K [01;31m[Kerror: [m[Ktemplate argument 1 is invalid
[4.276s]   279 |   rclcpp_action::Client<GoToPose[01;31m[K>[m[K::SharedPtr nav_client_;
[4.276s]       |                                 [01;31m[K^[m[K
[4.276s] [01m[K/home/shruthir/CSE180FinalProject/src/finalProject/src/navigation.cpp:279:36:[m[K [01;31m[Kerror: [m[Kexpected â€˜[01m[K;[m[Kâ€™ at end of member declaration
[4.276s]   279 |   rclcpp_action::Client<GoToPose>::[01;31m[KSharedPtr[m[K nav_client_;
[4.276s]       |                                    [01;31m[K^~~~~~~~~[m[K
[4.276s]       |                                             [32m[K;[m[K
[4.278s] [01m[K/home/shruthir/CSE180FinalProject/src/finalProject/src/navigation.cpp:279:46:[m[K [01;31m[Kerror: [m[Kâ€˜[01m[Knav_client_[m[Kâ€™ does not name a type; did you mean â€˜[01m[Krmw_client_t[m[Kâ€™?
[4.278s]   279 |   rclcpp_action::Client<GoToPose>::SharedPtr [01;31m[Knav_client_[m[K;
[4.278s]       |                                              [01;31m[K^~~~~~~~~~~[m[K
[4.278s]       |                                              [32m[Krmw_client_t[m[K
[4.327s] [01m[K/home/shruthir/CSE180FinalProject/src/finalProject/src/navigation.cpp:[m[K In constructor â€˜[01m[KNavigationNode::[01;32m[KNavigationNode[m[K()[m[Kâ€™:
[4.327s] [01m[K/home/shruthir/CSE180FinalProject/src/finalProject/src/navigation.cpp:170:5:[m[K [01;31m[Kerror: [m[Kâ€˜[01m[Knav_client_[m[Kâ€™ was not declared in this scope; did you mean â€˜[01m[Krmw_client_t[m[Kâ€™?
[4.328s]   170 |     [01;31m[Knav_client_[m[K = rclcpp_action::create_client<GoToPose>(
[4.328s]       |     [01;31m[K^~~~~~~~~~~[m[K
[4.328s]       |     [32m[Krmw_client_t[m[K
[4.337s] [01m[K/home/shruthir/CSE180FinalProject/src/finalProject/src/navigation.cpp:170:48:[m[K [01;31m[Kerror: [m[Kâ€˜[01m[KGoToPose[m[Kâ€™ was not declared in this scope
[4.337s]   170 |     nav_client_ = rclcpp_action::create_client<[01;31m[KGoToPose[m[K>(
[4.337s]       |                                                [01;31m[K^~~~~~~~[m[K
[4.340s] [01m[K/home/shruthir/CSE180FinalProject/src/finalProject/src/navigation.cpp:170:57:[m[K [01;31m[Kerror: [m[Kno matching function for call to â€˜[01m[Kcreate_client<<expression error> >(NavigationNode*, const char [11])[m[Kâ€™
[4.340s]   170 |     nav_client_ = [01;31m[Krclcpp_action::create_client<GoToPose>([m[K
[4.340s]       |                   [01;31m[K~~~~~~~~~~~~~~~~~~~~~~~~~~~~~~~~~~~~~~^[m[K
[4.340s]   171 | [01;31m[K      this, "go_to_pose")[m[K;
[4.340s]       |       [01;31m[K~~~~~~~~~~~~~~~~~~~[m[K                                
[4.342s] In file included from [01m[K/opt/ros/jazzy/include/rclcpp_action/rclcpp_action/rclcpp_action.hpp:38[m[K,
[4.343s]                  from [01m[K/home/shruthir/CSE180FinalProject/src/finalProject/src/navigation.cpp:156[m[K:
[4.343s] [01m[K/opt/ros/jazzy/include/rclcpp_action/rclcpp_action/create_client.hpp:44:1:[m[K [01;36m[Knote: [m[Kcandidate: â€˜[01m[Ktemplate<class ActionT> typename rclcpp_action::Client<ActionT>::SharedPtr rclcpp_action::[01;32m[Kcreate_client[m[K(rclcpp::node_interfaces::NodeBaseInterface::SharedPtr, rclcpp::node_interfaces::NodeGraphInterface::SharedPtr, rclcpp::node_interfaces::NodeLoggingInterface::SharedPtr, rclcpp::node_interfaces::NodeWaitablesInterface::SharedPtr, const std::string&, rclcpp::CallbackGroup::SharedPtr, const rcl_action_client_options_t&)[m[Kâ€™
[4.343s]    44 | [01;36m[Kcreate_client[m[K(
[4.343s]       | [01;36m[K^~~~~~~~~~~~~[m[K
[4.345s] [01m[K/opt/ros/jazzy/include/rclcpp_action/rclcpp_action/create_client.hpp:44:1:[m[K [01;36m[Knote: [m[K  candidate expects 5 arguments, 2 provided
[4.345s] [01m[K/opt/ros/jazzy/include/rclcpp_action/rclcpp_action/create_client.hpp:105:1:[m[K [01;36m[Knote: [m[Kcandidate: â€˜[01m[Ktemplate<class ActionT, class NodeT> typename rclcpp_action::Client<ActionT>::SharedPtr rclcpp_action::[01;32m[Kcreate_client[m[K(NodeT, const std::string&, rclcpp::CallbackGroup::SharedPtr, const rcl_action_client_options_t&)[m[Kâ€™
[4.345s]   105 | [01;36m[Kcreate_client[m[K(
[4.345s]       | [01;36m[K^~~~~~~~~~~~~[m[K
[4.345s] [01m[K/opt/ros/jazzy/include/rclcpp_action/rclcpp_action/create_client.hpp:105:1:[m[K [01;36m[Knote: [m[K  template argument deduction/substitution failed:
[4.345s] [01m[K/home/shruthir/CSE180FinalProject/src/finalProject/src/navigation.cpp:170:57:[m[K [01;31m[Kerror: [m[Ktemplate argument 1 is invalid
[4.345s]   170 |     nav_client_ = [01;31m[Krclcpp_action::create_client<GoToPose>([m[K
[4.345s]       |                   [01;31m[K~~~~~~~~~~~~~~~~~~~~~~~~~~~~~~~~~~~~~~^[m[K
[4.345s]   171 | [01;31m[K      this, "go_to_pose")[m[K;
[4.345s]       |       [01;31m[K~~~~~~~~~~~~~~~~~~~[m[K                                
[4.378s] [01m[K/home/shruthir/CSE180FinalProject/src/finalProject/src/navigation.cpp:[m[K In member function â€˜[01m[Kvoid NavigationNode::[01;32m[KpatrolStep[m[K()[m[Kâ€™:
[4.378s] [01m[K/home/shruthir/CSE180FinalProject/src/finalProject/src/navigation.cpp:207:10:[m[K [01;31m[Kerror: [m[Kâ€˜[01m[Knav_client_[m[Kâ€™ was not declared in this scope; did you mean â€˜[01m[Krmw_client_t[m[Kâ€™?
[4.378s]   207 |     if (![01;31m[Knav_client_[m[K->wait_for_action_server(500ms)) {
[4.378s]       |          [01;31m[K^~~~~~~~~~~[m[K
[4.378s]       |          [32m[Krmw_client_t[m[K
[4.380s] [01m[K/home/shruthir/CSE180FinalProject/src/finalProject/src/navigation.cpp:214:5:[m[K [01;31m[Kerror: [m[Kâ€˜[01m[KGoToPose[m[Kâ€™ has not been declared
[4.380s]   214 |     [01;31m[KGoToPose[m[K::Goal goal;
[4.380s]       |     [01;31m[K^~~~~~~~[m[K
[4.389s] [01m[K/home/shruthir/CSE180FinalProject/src/finalProject/src/navigation.cpp:215:5:[m[K [01;31m[Kerror: [m[Kâ€˜[01m[Kgoal[m[Kâ€™ was not declared in this scope
[4.389s]   215 |     [01;31m[Kgoal[m[K.pose = waypoints_[current_wp_];
[4.390s]       |     [01;31m[K^~~~[m[K
[4.399s] [01m[K/home/shruthir/CSE180FinalProject/src/finalProject/src/navigation.cpp:220:29:[m[K [01;31m[Kerror: [m[Kâ€˜[01m[KGoToPose[m[Kâ€™ was not declared in this scope
[4.399s]   220 |       rclcpp_action::Client<[01;31m[KGoToPose[m[K>::SendGoalOptions();
[4.399s]       |                             [01;31m[K^~~~~~~~[m[K
[4.399s] [01m[K/home/shruthir/CSE180FinalProject/src/finalProject/src/navigation.cpp:220:37:[m[K [01;31m[Kerror: [m[Ktemplate argument 1 is invalid
[4.399s]   220 |       rclcpp_action::Client<GoToPose[01;31m[K>[m[K::SendGoalOptions();
[4.399s]       |                                     [01;31m[K^[m[K
[4.411s] [01m[K/home/shruthir/CSE180FinalProject/src/finalProject/src/navigation.cpp:232:5:[m[K [01;31m[Kerror: [m[Kâ€˜[01m[Knav_client_[m[Kâ€™ was not declared in this scope; did you mean â€˜[01m[Krmw_client_t[m[Kâ€™?
[4.412s]   232 |     [01;31m[Knav_client_[m[K->async_send_goal(goal, options);
[4.412s]       |     [01;31m[K^~~~~~~~~~~[m[K
[4.412s]       |     [32m[Krmw_client_t[m[K
[4.423s] [01m[K/home/shruthir/CSE180FinalProject/src/finalProject/src/navigation.cpp:[m[K In member function â€˜[01m[Kvoid NavigationNode::[01;32m[KhumansCallback[m[K(geometry_msgs::msg::PoseArray_<std::allocator<void> >::SharedPtr)[m[Kâ€™:
[4.423s] [01m[K/home/shruthir/CSE180FinalProject/src/finalProject/src/navigation.cpp:249:10:[m[K [01;31m[Kerror: [m[Kâ€˜[01m[Knav_client_[m[Kâ€™ was not declared in this scope; did you mean â€˜[01m[Krmw_client_t[m[Kâ€™?
[4.423s]   249 |     if (![01;31m[Knav_client_[m[K->wait_for_action_server(500ms)) {
[4.424s]       |          [01;31m[K^~~~~~~~~~~[m[K
[4.424s]       |          [32m[Krmw_client_t[m[K
[4.424s] [01m[K/home/shruthir/CSE180FinalProject/src/finalProject/src/navigation.cpp:253:5:[m[K [01;31m[Kerror: [m[Kâ€˜[01m[KGoToPose[m[Kâ€™ has not been declared
[4.424s]   253 |     [01;31m[KGoToPose[m[K::Goal goal;
[4.424s]       |     [01;31m[K^~~~~~~~[m[K
[4.430s] [01m[K/home/shruthir/CSE180FinalProject/src/finalProject/src/navigation.cpp:254:5:[m[K [01;31m[Kerror: [m[Kâ€˜[01m[Kgoal[m[Kâ€™ was not declared in this scope
[4.430s]   254 |     [01;31m[Kgoal[m[K.pose.header.frame_id = "map";
[4.431s]       |     [01;31m[K^~~~[m[K
[4.439s] [01m[K/home/shruthir/CSE180FinalProject/src/finalProject/src/navigation.cpp:261:29:[m[K [01;31m[Kerror: [m[Kâ€˜[01m[KGoToPose[m[Kâ€™ was not declared in this scope
[4.440s]   261 |       rclcpp_action::Client<[01;31m[KGoToPose[m[K>::SendGoalOptions();
[4.440s]       |                             [01;31m[K^~~~~~~~[m[K
[4.440s] [01m[K/home/shruthir/CSE180FinalProject/src/finalProject/src/navigation.cpp:261:37:[m[K [01;31m[Kerror: [m[Ktemplate argument 1 is invalid
[4.440s]   261 |       rclcpp_action::Client<GoToPose[01;31m[K>[m[K::SendGoalOptions();
[4.440s]       |                                     [01;31m[K^[m[K
[4.445s] [01m[K/home/shruthir/CSE180FinalProject/src/finalProject/src/navigation.cpp:263:20:[m[K [01;31m[Kerror: [m[Kâ€˜[01m[KGoalHandleNav[m[Kâ€™ does not name a type
[4.445s]   263 |       [this](const [01;31m[KGoalHandleNav[m[K::WrappedResult &res){
[4.445s]       |                    [01;31m[K^~~~~~~~~~~~~[m[K
[4.445s] [01m[K/home/shruthir/CSE180FinalProject/src/finalProject/src/navigation.cpp:268:8:[m[K [01;31m[Kerror: [m[Kexpected â€˜[01m[K)[m[Kâ€™ before â€˜[01m[K;[m[Kâ€™ token
[4.445s]   268 |       }[01;31m[K;[m[K
[4.446s]       |        [01;31m[K^[m[K
[4.446s] [01m[K/home/shruthir/CSE180FinalProject/src/finalProject/src/navigation.cpp:263:13:[m[K [01;36m[Knote: [m[Kto match this â€˜[01m[K([m[Kâ€™
[4.446s]   263 |       [this][01;36m[K([m[Kconst GoalHandleNav::WrappedResult &res){
[4.446s]       |             [01;36m[K^[m[K
[4.446s] [01m[K/home/shruthir/CSE180FinalProject/src/finalProject/src/navigation.cpp:[m[K In lambda function:
[4.446s] [01m[K/home/shruthir/CSE180FinalProject/src/finalProject/src/navigation.cpp:268:8:[m[K [01;31m[Kerror: [m[Kexpected â€˜[01m[K{[m[Kâ€™ before â€˜[01m[K;[m[Kâ€™ token
[4.446s]   268 |       }[01;31m[K;[m[K
[4.447s]       |        [01;31m[K^[m[K
[4.455s] [01m[K/home/shruthir/CSE180FinalProject/src/finalProject/src/navigation.cpp:[m[K In member function â€˜[01m[Kvoid NavigationNode::[01;32m[KhumansCallback[m[K(geometry_msgs::msg::PoseArray_<std::allocator<void> >::SharedPtr)[m[Kâ€™:
[4.455s] [01m[K/home/shruthir/CSE180FinalProject/src/finalProject/src/navigation.cpp:271:5:[m[K [01;31m[Kerror: [m[Kâ€˜[01m[Knav_client_[m[Kâ€™ was not declared in this scope; did you mean â€˜[01m[Krmw_client_t[m[Kâ€™?
[4.455s]   271 |     [01;31m[Knav_client_[m[K->async_send_goal(goal, options);
[4.455s]       |     [01;31m[K^~~~~~~~~~~[m[K
[4.455s]       |     [32m[Krmw_client_t[m[K
[7.767s] gmake[2]: *** [CMakeFiles/navigation_node.dir/build.make:76: CMakeFiles/navigation_node.dir/src/navigation.cpp.o] Error 1
[7.767s] gmake[1]: *** [CMakeFiles/Makefile2:141: CMakeFiles/navigation_node.dir/all] Error 2
[7.767s] gmake: *** [Makefile:146: all] Error 2
[7.770s] Invoked command in '/home/shruthir/CSE180FinalProject/build/finalProject' returned '2': CMAKE_PREFIX_PATH=${CMAKE_PREFIX_PATH}:/opt/ros/jazzy DEBUGINFOD_URLS=https://debuginfod.ubuntu.com /usr/bin/cmake --build /home/shruthir/CSE180FinalProject/build/finalProject -- -j12 -l12
