[0.000000] (-) TimerEvent: {}
[0.000177] (finalProject) JobQueued: {'identifier': 'finalProject', 'dependencies': OrderedDict()}
[0.000238] (finalProject) JobStarted: {'identifier': 'finalProject'}
[0.011017] (finalProject) JobProgress: {'identifier': 'finalProject', 'progress': 'cmake'}
[0.014474] (finalProject) JobProgress: {'identifier': 'finalProject', 'progress': 'build'}
[0.021205] (finalProject) Command: {'cmd': ['/usr/bin/cmake', '--build', '/home/shruthir/CSE180FinalProject/build/finalProject', '--', '-j12', '-l12'], 'cwd': '/home/shruthir/CSE180FinalProject/build/finalProject', 'env': OrderedDict({'PYTHON_BASIC_REPL': '1', 'LESSOPEN': '| /usr/bin/lesspipe %s', 'USER': 'shruthir', 'GZ_CONFIG_PATH': '/opt/ros/jazzy/opt/gz_sim_vendor/share/gz:/opt/ros/jazzy/opt/sdformat_vendor/share/gz:/opt/ros/jazzy/opt/gz_gui_vendor/share/gz:/opt/ros/jazzy/opt/gz_transport_vendor/share/gz:/opt/ros/jazzy/opt/gz_rendering_vendor/share/gz:/opt/ros/jazzy/opt/gz_plugin_vendor/share/gz:/opt/ros/jazzy/opt/gz_fuel_tools_vendor/share/gz:/opt/ros/jazzy/opt/gz_msgs_vendor/share/gz:/opt/ros/jazzy/opt/gz_common_vendor/share/gz', 'GIT_ASKPASS': '/home/shruthir/.vscode-server/bin/bf9252a2fb45be6893dd8870c0bf37e2e1766d61/extensions/git/dist/askpass.sh', 'SHLVL': '1', 'LD_LIBRARY_PATH': '/opt/ros/jazzy/opt/gz_sim_vendor/lib:/opt/ros/jazzy/opt/gz_sensors_vendor/lib:/opt/ros/jazzy/opt/gz_physics_vendor/lib:/opt/ros/jazzy/opt/sdformat_vendor/lib:/opt/ros/jazzy/opt/rviz_ogre_vendor/lib:/opt/ros/jazzy/lib/x86_64-linux-gnu:/opt/ros/jazzy/opt/gz_gui_vendor/lib:/opt/ros/jazzy/opt/gz_transport_vendor/lib:/opt/ros/jazzy/opt/gz_rendering_vendor/lib:/opt/ros/jazzy/opt/gz_plugin_vendor/lib:/opt/ros/jazzy/opt/gz_fuel_tools_vendor/lib:/opt/ros/jazzy/opt/gz_msgs_vendor/lib:/opt/ros/jazzy/opt/gz_common_vendor/lib:/opt/ros/jazzy/opt/gz_math_vendor/lib:/opt/ros/jazzy/opt/gz_utils_vendor/lib:/opt/ros/jazzy/opt/gz_tools_vendor/lib:/opt/ros/jazzy/opt/gz_ogre_next_vendor/lib:/opt/ros/jazzy/opt/gz_dartsim_vendor/lib:/opt/ros/jazzy/opt/gz_cmake_vendor/lib:/opt/ros/jazzy/lib', 'HOME': '/home/shruthir', 'OLDPWD': '/home/shruthir/CSE180FinalProject/src', 'TERM_PROGRAM_VERSION': '1.106.3', 'VSCODE_IPC_HOOK_CLI': '/run/user/1000/vscode-ipc-7d531088-6f0e-4962-a7cd-9f85608ab2c2.sock', 'ROS_PYTHON_VERSION': '3', 'VSCODE_GIT_ASKPASS_MAIN': '/home/shruthir/.vscode-server/bin/bf9252a2fb45be6893dd8870c0bf37e2e1766d61/extensions/git/dist/askpass-main.js', 'VSCODE_GIT_ASKPASS_NODE': '/home/shruthir/.vscode-server/bin/bf9252a2fb45be6893dd8870c0bf37e2e1766d61/node', 'PYDEVD_DISABLE_FILE_VALIDATION': '1', 'BUNDLED_DEBUGPY_PATH': '/home/shruthir/.vscode-server/extensions/ms-python.debugpy-2025.16.0-linux-x64/bundled/libs/debugpy', 'VSCODE_PYTHON_AUTOACTIVATE_GUARD': '1', 'DBUS_SESSION_BUS_ADDRESS': 'unix:path=/run/user/1000/bus', 'COLORTERM': 'truecolor', 'WSL_DISTRO_NAME': 'Ubuntu', 'DEBUGINFOD_URLS': 'https://debuginfod.ubuntu.com', 'WAYLAND_DISPLAY': 'wayland-0', 'COLCON_PREFIX_PATH': '/home/shruthir/CSE180FinalProject/install', 'ROS_DISTRO': 'jazzy', 'LOGNAME': 'shruthir', 'NAME': 'Shruthi', 'WSL_INTEROP': '/run/WSL/367_interop', 'PULSE_SERVER': 'unix:/mnt/wslg/PulseServer', '_': '/usr/bin/colcon', 'ROS_VERSION': '2', 'TERM': 'xterm-256color', 'PATH': '/home/shruthir/.vscode-server/bin/bf9252a2fb45be6893dd8870c0bf37e2e1766d61/bin/remote-cli:/opt/ros/jazzy/opt/gz_msgs_vendor/bin:/opt/ros/jazzy/opt/gz_tools_vendor/bin:/opt/ros/jazzy/opt/gz_ogre_next_vendor/bin:/opt/ros/jazzy/bin:/usr/local/sbin:/usr/local/bin:/usr/sbin:/usr/bin:/sbin:/bin:/usr/games:/usr/local/games:/usr/lib/wsl/lib:/mnt/c/Python38/Scripts/:/mnt/c/Python38/:/mnt/c/Program Files (x86)/Common Files/Oracle/Java/javapath:/mnt/c/Windows/system32:/mnt/c/Windows:/mnt/c/Windows/System32/Wbem:/mnt/c/Windows/System32/WindowsPowerShell/v1.0/:/mnt/c/Windows/System32/OpenSSH/:/mnt/c/Program Files/dotnet/:/mnt/c/Program Files (x86)/dotnet/:/mnt/c/Program Files/Git/cmd:/mnt/c/Program Files (x86)/Windows Kits/8.1/Windows Performance Toolkit/:/mnt/c/ProgramData/chocolatey/bin:/mnt/c/Program Files/CMake/bin:/mnt/c/Program Files/Docker/Docker/resources/bin:/mnt/c/Users/shrut/AppData/Local/Microsoft/WindowsApps:/mnt/c/Users/shrut/AppData/Local/Programs/Microsoft VS Code/bin:/mnt/c/Users/shrut/.dotnet/tools:/mnt/c/Program Files/OpenSSL-Win64/bin:/snap/bin:/home/shruthir/.vscode-server/extensions/ms-python.debugpy-2025.16.0-linux-x64/bundled/scripts/noConfigScripts', 'XDG_RUNTIME_DIR': '/run/user/1000/', 'DISPLAY': ':0', 'VSCODE_DEBUGPY_ADAPTER_ENDPOINTS': '/home/shruthir/.vscode-server/extensions/ms-python.debugpy-2025.16.0-linux-x64/.noConfigDebugAdapterEndpoints/endpoint-3cb0f3f0306d994c.txt', 'LANG': 'en_US.UTF-8', 'PYTHONSTARTUP': '/home/shruthir/.vscode-server/data/User/workspaceStorage/ca5834bb49b378f92ca2e45958a037b0/ms-python.python/pythonrc.py', 'LS_COLORS': 'rs=0:di=01;34:ln=01;36:mh=00:pi=40;33:so=01;35:do=01;35:bd=40;33;01:cd=40;33;01:or=40;31;01:mi=00:su=37;41:sg=30;43:ca=00:tw=30;42:ow=34;42:st=37;44:ex=01;32:*.tar=01;31:*.tgz=01;31:*.arc=01;31:*.arj=01;31:*.taz=01;31:*.lha=01;31:*.lz4=01;31:*.lzh=01;31:*.lzma=01;31:*.tlz=01;31:*.txz=01;31:*.tzo=01;31:*.t7z=01;31:*.zip=01;31:*.z=01;31:*.dz=01;31:*.gz=01;31:*.lrz=01;31:*.lz=01;31:*.lzo=01;31:*.xz=01;31:*.zst=01;31:*.tzst=01;31:*.bz2=01;31:*.bz=01;31:*.tbz=01;31:*.tbz2=01;31:*.tz=01;31:*.deb=01;31:*.rpm=01;31:*.jar=01;31:*.war=01;31:*.ear=01;31:*.sar=01;31:*.rar=01;31:*.alz=01;31:*.ace=01;31:*.zoo=01;31:*.cpio=01;31:*.7z=01;31:*.rz=01;31:*.cab=01;31:*.wim=01;31:*.swm=01;31:*.dwm=01;31:*.esd=01;31:*.avif=01;35:*.jpg=01;35:*.jpeg=01;35:*.mjpg=01;35:*.mjpeg=01;35:*.gif=01;35:*.bmp=01;35:*.pbm=01;35:*.pgm=01;35:*.ppm=01;35:*.tga=01;35:*.xbm=01;35:*.xpm=01;35:*.tif=01;35:*.tiff=01;35:*.png=01;35:*.svg=01;35:*.svgz=01;35:*.mng=01;35:*.pcx=01;35:*.mov=01;35:*.mpg=01;35:*.mpeg=01;35:*.m2v=01;35:*.mkv=01;35:*.webm=01;35:*.webp=01;35:*.ogm=01;35:*.mp4=01;35:*.m4v=01;35:*.mp4v=01;35:*.vob=01;35:*.qt=01;35:*.nuv=01;35:*.wmv=01;35:*.asf=01;35:*.rm=01;35:*.rmvb=01;35:*.flc=01;35:*.avi=01;35:*.fli=01;35:*.flv=01;35:*.gl=01;35:*.dl=01;35:*.xcf=01;35:*.xwd=01;35:*.yuv=01;35:*.cgm=01;35:*.emf=01;35:*.ogv=01;35:*.ogx=01;35:*.aac=00;36:*.au=00;36:*.flac=00;36:*.m4a=00;36:*.mid=00;36:*.midi=00;36:*.mka=00;36:*.mp3=00;36:*.mpc=00;36:*.ogg=00;36:*.ra=00;36:*.wav=00;36:*.oga=00;36:*.opus=00;36:*.spx=00;36:*.xspf=00;36:*~=00;90:*#=00;90:*.bak=00;90:*.crdownload=00;90:*.dpkg-dist=00;90:*.dpkg-new=00;90:*.dpkg-old=00;90:*.dpkg-tmp=00;90:*.old=00;90:*.orig=00;90:*.part=00;90:*.rej=00;90:*.rpmnew=00;90:*.rpmorig=00;90:*.rpmsave=00;90:*.swp=00;90:*.tmp=00;90:*.ucf-dist=00;90:*.ucf-new=00;90:*.ucf-old=00;90:', 'VSCODE_GIT_IPC_HANDLE': '/run/user/1000/vscode-git-4b0cbc8f42.sock', 'TERM_PROGRAM': 'vscode', 'AMENT_PREFIX_PATH': '/home/shruthir/CSE180FinalProject/install/finder_program:/home/shruthir/CSE180FinalProject/install/finalProject:/opt/ros/jazzy', 'SHELL': '/bin/bash', 'LESSCLOSE': '/usr/bin/lesspipe %s %s', 'ROS_AUTOMATIC_DISCOVERY_RANGE': 'SUBNET', 'VSCODE_GIT_ASKPASS_EXTRA_ARGS': '', 'PWD': '/home/shruthir/CSE180FinalProject/build/finalProject', 'XDG_DATA_DIRS': '/usr/local/share:/usr/share:/var/lib/snapd/desktop', 'PYTHONPATH': '/opt/ros/jazzy/lib/python3.12/site-packages', 'COLCON': '1', 'WSL2_GUI_APPS_ENABLED': '1', 'HOSTTYPE': 'x86_64', 'CMAKE_PREFIX_PATH': '/home/shruthir/CSE180FinalProject/install/finder_program:/home/shruthir/CSE180FinalProject/install/finalProject:/opt/ros/jazzy/opt/gz_sim_vendor:/opt/ros/jazzy/opt/gz_sensors_vendor:/opt/ros/jazzy/opt/gz_physics_vendor:/opt/ros/jazzy/opt/sdformat_vendor:/opt/ros/jazzy/opt/gz_gui_vendor:/opt/ros/jazzy/opt/gz_transport_vendor:/opt/ros/jazzy/opt/gz_rendering_vendor:/opt/ros/jazzy/opt/gz_plugin_vendor:/opt/ros/jazzy/opt/gz_fuel_tools_vendor:/opt/ros/jazzy/opt/gz_msgs_vendor:/opt/ros/jazzy/opt/gz_common_vendor:/opt/ros/jazzy/opt/gz_math_vendor:/opt/ros/jazzy/opt/gz_utils_vendor:/opt/ros/jazzy/opt/gz_tools_vendor:/opt/ros/jazzy/opt/gz_ogre_next_vendor:/opt/ros/jazzy/opt/gz_dartsim_vendor:/opt/ros/jazzy/opt/gz_cmake_vendor:/opt/ros/jazzy', 'WSLENV': 'VSCODE_WSL_EXT_LOCATION/up'}), 'shell': False}
[0.098631] (finalProject) StdoutLine: {'line': b'[ 16%] \x1b[32mBuilding CXX object CMakeFiles/navigation_node.dir/src/navigation.cpp.o\x1b[0m\n'}
[0.099103] (-) TimerEvent: {}
[0.105628] (finalProject) StdoutLine: {'line': b'[ 50%] Built target perception_node\n'}
[0.105888] (finalProject) StdoutLine: {'line': b'[ 83%] Built target locomotion_node\n'}
[0.199320] (-) TimerEvent: {}
[0.299951] (-) TimerEvent: {}
[0.400492] (-) TimerEvent: {}
[0.500886] (-) TimerEvent: {}
[0.601368] (-) TimerEvent: {}
[0.701965] (-) TimerEvent: {}
[0.802625] (-) TimerEvent: {}
[0.903205] (-) TimerEvent: {}
[1.003816] (-) TimerEvent: {}
[1.104253] (-) TimerEvent: {}
[1.204681] (-) TimerEvent: {}
[1.305113] (-) TimerEvent: {}
[1.405601] (-) TimerEvent: {}
[1.506137] (-) TimerEvent: {}
[1.606714] (-) TimerEvent: {}
[1.707265] (-) TimerEvent: {}
[1.807914] (-) TimerEvent: {}
[1.908422] (-) TimerEvent: {}
[2.009687] (-) TimerEvent: {}
[2.110531] (-) TimerEvent: {}
[2.211088] (-) TimerEvent: {}
[2.311562] (-) TimerEvent: {}
[2.412033] (-) TimerEvent: {}
[2.512671] (-) TimerEvent: {}
[2.622953] (-) TimerEvent: {}
[2.724218] (-) TimerEvent: {}
[2.825156] (-) TimerEvent: {}
[2.925625] (-) TimerEvent: {}
[3.026165] (-) TimerEvent: {}
[3.126851] (-) TimerEvent: {}
[3.227343] (-) TimerEvent: {}
[3.328007] (-) TimerEvent: {}
[3.428596] (-) TimerEvent: {}
[3.529095] (-) TimerEvent: {}
[3.629566] (-) TimerEvent: {}
[3.730212] (-) TimerEvent: {}
[3.831362] (-) TimerEvent: {}
[3.931797] (-) TimerEvent: {}
[4.032693] (-) TimerEvent: {}
[4.133171] (-) TimerEvent: {}
[4.233616] (-) TimerEvent: {}
[4.239617] (finalProject) StderrLine: {'line': b'\x1b[01m\x1b[K/home/shruthir/CSE180FinalProject/src/finalProject/src/navigation.cpp:166:39:\x1b[m\x1b[K \x1b[01;31m\x1b[Kerror: \x1b[m\x1b[K\xe2\x80\x98\x1b[01m\x1b[KGoToPose\x1b[m\x1b[K\xe2\x80\x99 in namespace \xe2\x80\x98\x1b[01m\x1b[Knav2_msgs::action\x1b[m\x1b[K\xe2\x80\x99 does not name a type\n'}
[4.240005] (finalProject) StderrLine: {'line': b'  166 |   using GoToPose = nav2_msgs::action::\x1b[01;31m\x1b[KGoToPose\x1b[m\x1b[K;\n'}
[4.240172] (finalProject) StderrLine: {'line': b'      |                                       \x1b[01;31m\x1b[K^~~~~~~~\x1b[m\x1b[K\n'}
[4.253864] (finalProject) StderrLine: {'line': b'\x1b[01m\x1b[K/home/shruthir/CSE180FinalProject/src/finalProject/src/navigation.cpp:167:57:\x1b[m\x1b[K \x1b[01;31m\x1b[Kerror: \x1b[m\x1b[K\xe2\x80\x98\x1b[01m\x1b[KGoToPose\x1b[m\x1b[K\xe2\x80\x99 was not declared in this scope\n'}
[4.254172] (finalProject) StderrLine: {'line': b'  167 |   using GoalHandleNav = rclcpp_action::ClientGoalHandle<\x1b[01;31m\x1b[KGoToPose\x1b[m\x1b[K>;\n'}
[4.254247] (finalProject) StderrLine: {'line': b'      |                                                         \x1b[01;31m\x1b[K^~~~~~~~\x1b[m\x1b[K\n'}
[4.254560] (finalProject) StderrLine: {'line': b'\x1b[01m\x1b[K/home/shruthir/CSE180FinalProject/src/finalProject/src/navigation.cpp:167:65:\x1b[m\x1b[K \x1b[01;31m\x1b[Kerror: \x1b[m\x1b[Ktemplate argument 1 is invalid\n'}
[4.254833] (finalProject) StderrLine: {'line': b'  167 |   using GoalHandleNav = rclcpp_action::ClientGoalHandle<GoToPose\x1b[01;31m\x1b[K>\x1b[m\x1b[K;\n'}
[4.254996] (finalProject) StderrLine: {'line': b'      |                                                                 \x1b[01;31m\x1b[K^\x1b[m\x1b[K\n'}
[4.258496] (finalProject) StderrLine: {'line': b'\x1b[01m\x1b[K/home/shruthir/CSE180FinalProject/src/finalProject/src/navigation.cpp:237:32:\x1b[m\x1b[K \x1b[01;31m\x1b[Kerror: \x1b[m\x1b[K\xe2\x80\x98\x1b[01m\x1b[KGoalHandleNav\x1b[m\x1b[K\xe2\x80\x99 does not name a type\n'}
[4.258986] (finalProject) StderrLine: {'line': b'  237 |   void navResultCallback(const \x1b[01;31m\x1b[KGoalHandleNav\x1b[m\x1b[K::WrappedResult &result){\n'}
[4.259068] (finalProject) StderrLine: {'line': b'      |                                \x1b[01;31m\x1b[K^~~~~~~~~~~~~\x1b[m\x1b[K\n'}
[4.259133] (finalProject) StderrLine: {'line': b'\x1b[01m\x1b[K/home/shruthir/CSE180FinalProject/src/finalProject/src/navigation.cpp:237:61:\x1b[m\x1b[K \x1b[01;31m\x1b[Kerror: \x1b[m\x1b[Kexpected unqualified-id before \xe2\x80\x98\x1b[01m\x1b[K&\x1b[m\x1b[K\xe2\x80\x99 token\n'}
[4.259271] (finalProject) StderrLine: {'line': b'  237 |   void navResultCallback(const GoalHandleNav::WrappedResult \x1b[01;31m\x1b[K&\x1b[m\x1b[Kresult){\n'}
[4.259425] (finalProject) StderrLine: {'line': b'      |                                                             \x1b[01;31m\x1b[K^\x1b[m\x1b[K\n'}
[4.259859] (finalProject) StderrLine: {'line': b'\x1b[01m\x1b[K/home/shruthir/CSE180FinalProject/src/finalProject/src/navigation.cpp:237:60:\x1b[m\x1b[K \x1b[01;31m\x1b[Kerror: \x1b[m\x1b[Kexpected \xe2\x80\x98\x1b[01m\x1b[K)\x1b[m\x1b[K\xe2\x80\x99 before \xe2\x80\x98\x1b[01m\x1b[K&\x1b[m\x1b[K\xe2\x80\x99 token\n'}
[4.260291] (finalProject) StderrLine: {'line': b'  237 |   void navResultCallback\x1b[34m\x1b[K(\x1b[m\x1b[Kconst GoalHandleNav::WrappedResult\x1b[01;31m\x1b[K \x1b[m\x1b[K\x1b[32m\x1b[K&\x1b[m\x1b[Kresult){\n'}
[4.260773] (finalProject) StderrLine: {'line': b'      |                         \x1b[34m\x1b[K~\x1b[m\x1b[K                                  \x1b[01;31m\x1b[K^\x1b[m\x1b[K\x1b[32m\x1b[K~\x1b[m\x1b[K\n'}
[4.260851] (finalProject) StderrLine: {'line': b'      |                                                            \x1b[32m\x1b[K)\x1b[m\x1b[K\n'}
[4.260911] (finalProject) StderrLine: {'line': b'\x1b[01m\x1b[K/home/shruthir/CSE180FinalProject/src/finalProject/src/navigation.cpp:237:61:\x1b[m\x1b[K \x1b[01;31m\x1b[Kerror: \x1b[m\x1b[Kexpected \xe2\x80\x98\x1b[01m\x1b[K;\x1b[m\x1b[K\xe2\x80\x99 at end of member declaration\n'}
[4.260973] (finalProject) StderrLine: {'line': b'  237 |   void navResultCallback(const GoalHandleNav::WrappedResult \x1b[01;31m\x1b[K&\x1b[m\x1b[Kresult){\n'}
[4.261037] (finalProject) StderrLine: {'line': b'      |                                                             \x1b[01;31m\x1b[K^\x1b[m\x1b[K\n'}
[4.261160] (finalProject) StderrLine: {'line': b'      |                                                              \x1b[32m\x1b[K;\x1b[m\x1b[K\n'}
[4.262921] (finalProject) StderrLine: {'line': b'\x1b[01m\x1b[K/home/shruthir/CSE180FinalProject/src/finalProject/src/navigation.cpp:237:62:\x1b[m\x1b[K \x1b[01;31m\x1b[Kerror: \x1b[m\x1b[K\xe2\x80\x98\x1b[01m\x1b[Kresult\x1b[m\x1b[K\xe2\x80\x99 does not name a type\n'}
[4.263251] (finalProject) StderrLine: {'line': b'  237 |   void navResultCallback(const GoalHandleNav::WrappedResult &\x1b[01;31m\x1b[Kresult\x1b[m\x1b[K){\n'}
[4.263415] (finalProject) StderrLine: {'line': b'      |                                                              \x1b[01;31m\x1b[K^~~~~~\x1b[m\x1b[K\n'}
[4.275663] (finalProject) StderrLine: {'line': b'\x1b[01m\x1b[K/home/shruthir/CSE180FinalProject/src/finalProject/src/navigation.cpp:279:25:\x1b[m\x1b[K \x1b[01;31m\x1b[Kerror: \x1b[m\x1b[K\xe2\x80\x98\x1b[01m\x1b[KGoToPose\x1b[m\x1b[K\xe2\x80\x99 was not declared in this scope\n'}
[4.275903] (finalProject) StderrLine: {'line': b'  279 |   rclcpp_action::Client<\x1b[01;31m\x1b[KGoToPose\x1b[m\x1b[K>::SharedPtr nav_client_;\n'}
[4.275973] (finalProject) StderrLine: {'line': b'      |                         \x1b[01;31m\x1b[K^~~~~~~~\x1b[m\x1b[K\n'}
[4.276038] (finalProject) StderrLine: {'line': b'\x1b[01m\x1b[K/home/shruthir/CSE180FinalProject/src/finalProject/src/navigation.cpp:279:33:\x1b[m\x1b[K \x1b[01;31m\x1b[Kerror: \x1b[m\x1b[Ktemplate argument 1 is invalid\n'}
[4.276112] (finalProject) StderrLine: {'line': b'  279 |   rclcpp_action::Client<GoToPose\x1b[01;31m\x1b[K>\x1b[m\x1b[K::SharedPtr nav_client_;\n'}
[4.276172] (finalProject) StderrLine: {'line': b'      |                                 \x1b[01;31m\x1b[K^\x1b[m\x1b[K\n'}
[4.276229] (finalProject) StderrLine: {'line': b'\x1b[01m\x1b[K/home/shruthir/CSE180FinalProject/src/finalProject/src/navigation.cpp:279:36:\x1b[m\x1b[K \x1b[01;31m\x1b[Kerror: \x1b[m\x1b[Kexpected \xe2\x80\x98\x1b[01m\x1b[K;\x1b[m\x1b[K\xe2\x80\x99 at end of member declaration\n'}
[4.276286] (finalProject) StderrLine: {'line': b'  279 |   rclcpp_action::Client<GoToPose>::\x1b[01;31m\x1b[KSharedPtr\x1b[m\x1b[K nav_client_;\n'}
[4.276341] (finalProject) StderrLine: {'line': b'      |                                    \x1b[01;31m\x1b[K^~~~~~~~~\x1b[m\x1b[K\n'}
[4.276402] (finalProject) StderrLine: {'line': b'      |                                             \x1b[32m\x1b[K;\x1b[m\x1b[K\n'}
[4.278176] (finalProject) StderrLine: {'line': b'\x1b[01m\x1b[K/home/shruthir/CSE180FinalProject/src/finalProject/src/navigation.cpp:279:46:\x1b[m\x1b[K \x1b[01;31m\x1b[Kerror: \x1b[m\x1b[K\xe2\x80\x98\x1b[01m\x1b[Knav_client_\x1b[m\x1b[K\xe2\x80\x99 does not name a type; did you mean \xe2\x80\x98\x1b[01m\x1b[Krmw_client_t\x1b[m\x1b[K\xe2\x80\x99?\n'}
[4.278353] (finalProject) StderrLine: {'line': b'  279 |   rclcpp_action::Client<GoToPose>::SharedPtr \x1b[01;31m\x1b[Knav_client_\x1b[m\x1b[K;\n'}
[4.278417] (finalProject) StderrLine: {'line': b'      |                                              \x1b[01;31m\x1b[K^~~~~~~~~~~\x1b[m\x1b[K\n'}
[4.278477] (finalProject) StderrLine: {'line': b'      |                                              \x1b[32m\x1b[Krmw_client_t\x1b[m\x1b[K\n'}
[4.327191] (finalProject) StderrLine: {'line': b'\x1b[01m\x1b[K/home/shruthir/CSE180FinalProject/src/finalProject/src/navigation.cpp:\x1b[m\x1b[K In constructor \xe2\x80\x98\x1b[01m\x1b[KNavigationNode::\x1b[01;32m\x1b[KNavigationNode\x1b[m\x1b[K()\x1b[m\x1b[K\xe2\x80\x99:\n'}
[4.327616] (finalProject) StderrLine: {'line': b'\x1b[01m\x1b[K/home/shruthir/CSE180FinalProject/src/finalProject/src/navigation.cpp:170:5:\x1b[m\x1b[K \x1b[01;31m\x1b[Kerror: \x1b[m\x1b[K\xe2\x80\x98\x1b[01m\x1b[Knav_client_\x1b[m\x1b[K\xe2\x80\x99 was not declared in this scope; did you mean \xe2\x80\x98\x1b[01m\x1b[Krmw_client_t\x1b[m\x1b[K\xe2\x80\x99?\n'}
[4.327786] (finalProject) StderrLine: {'line': b'  170 |     \x1b[01;31m\x1b[Knav_client_\x1b[m\x1b[K = rclcpp_action::create_client<GoToPose>(\n'}
[4.328045] (finalProject) StderrLine: {'line': b'      |     \x1b[01;31m\x1b[K^~~~~~~~~~~\x1b[m\x1b[K\n'}
[4.328126] (finalProject) StderrLine: {'line': b'      |     \x1b[32m\x1b[Krmw_client_t\x1b[m\x1b[K\n'}
[4.333767] (-) TimerEvent: {}
[4.337258] (finalProject) StderrLine: {'line': b'\x1b[01m\x1b[K/home/shruthir/CSE180FinalProject/src/finalProject/src/navigation.cpp:170:48:\x1b[m\x1b[K \x1b[01;31m\x1b[Kerror: \x1b[m\x1b[K\xe2\x80\x98\x1b[01m\x1b[KGoToPose\x1b[m\x1b[K\xe2\x80\x99 was not declared in this scope\n'}
[4.337523] (finalProject) StderrLine: {'line': b'  170 |     nav_client_ = rclcpp_action::create_client<\x1b[01;31m\x1b[KGoToPose\x1b[m\x1b[K>(\n'}
[4.337676] (finalProject) StderrLine: {'line': b'      |                                                \x1b[01;31m\x1b[K^~~~~~~~\x1b[m\x1b[K\n'}
[4.340129] (finalProject) StderrLine: {'line': b'\x1b[01m\x1b[K/home/shruthir/CSE180FinalProject/src/finalProject/src/navigation.cpp:170:57:\x1b[m\x1b[K \x1b[01;31m\x1b[Kerror: \x1b[m\x1b[Kno matching function for call to \xe2\x80\x98\x1b[01m\x1b[Kcreate_client<<expression error> >(NavigationNode*, const char [11])\x1b[m\x1b[K\xe2\x80\x99\n'}
[4.340312] (finalProject) StderrLine: {'line': b'  170 |     nav_client_ = \x1b[01;31m\x1b[Krclcpp_action::create_client<GoToPose>(\x1b[m\x1b[K\n'}
[4.340378] (finalProject) StderrLine: {'line': b'      |                   \x1b[01;31m\x1b[K~~~~~~~~~~~~~~~~~~~~~~~~~~~~~~~~~~~~~~^\x1b[m\x1b[K\n'}
[4.340436] (finalProject) StderrLine: {'line': b'  171 | \x1b[01;31m\x1b[K      this, "go_to_pose")\x1b[m\x1b[K;\n'}
[4.340490] (finalProject) StderrLine: {'line': b'      |       \x1b[01;31m\x1b[K~~~~~~~~~~~~~~~~~~~\x1b[m\x1b[K                                \n'}
[4.342440] (finalProject) StderrLine: {'line': b'In file included from \x1b[01m\x1b[K/opt/ros/jazzy/include/rclcpp_action/rclcpp_action/rclcpp_action.hpp:38\x1b[m\x1b[K,\n'}
[4.342724] (finalProject) StderrLine: {'line': b'                 from \x1b[01m\x1b[K/home/shruthir/CSE180FinalProject/src/finalProject/src/navigation.cpp:156\x1b[m\x1b[K:\n'}
[4.342913] (finalProject) StderrLine: {'line': b'\x1b[01m\x1b[K/opt/ros/jazzy/include/rclcpp_action/rclcpp_action/create_client.hpp:44:1:\x1b[m\x1b[K \x1b[01;36m\x1b[Knote: \x1b[m\x1b[Kcandidate: \xe2\x80\x98\x1b[01m\x1b[Ktemplate<class ActionT> typename rclcpp_action::Client<ActionT>::SharedPtr rclcpp_action::\x1b[01;32m\x1b[Kcreate_client\x1b[m\x1b[K(rclcpp::node_interfaces::NodeBaseInterface::SharedPtr, rclcpp::node_interfaces::NodeGraphInterface::SharedPtr, rclcpp::node_interfaces::NodeLoggingInterface::SharedPtr, rclcpp::node_interfaces::NodeWaitablesInterface::SharedPtr, const std::string&, rclcpp::CallbackGroup::SharedPtr, const rcl_action_client_options_t&)\x1b[m\x1b[K\xe2\x80\x99\n'}
[4.343057] (finalProject) StderrLine: {'line': b'   44 | \x1b[01;36m\x1b[Kcreate_client\x1b[m\x1b[K(\n'}
[4.343151] (finalProject) StderrLine: {'line': b'      | \x1b[01;36m\x1b[K^~~~~~~~~~~~~\x1b[m\x1b[K\n'}
[4.344573] (finalProject) StderrLine: {'line': b'\x1b[01m\x1b[K/opt/ros/jazzy/include/rclcpp_action/rclcpp_action/create_client.hpp:44:1:\x1b[m\x1b[K \x1b[01;36m\x1b[Knote: \x1b[m\x1b[K  candidate expects 5 arguments, 2 provided\n'}
[4.344967] (finalProject) StderrLine: {'line': b'\x1b[01m\x1b[K/opt/ros/jazzy/include/rclcpp_action/rclcpp_action/create_client.hpp:105:1:\x1b[m\x1b[K \x1b[01;36m\x1b[Knote: \x1b[m\x1b[Kcandidate: \xe2\x80\x98\x1b[01m\x1b[Ktemplate<class ActionT, class NodeT> typename rclcpp_action::Client<ActionT>::SharedPtr rclcpp_action::\x1b[01;32m\x1b[Kcreate_client\x1b[m\x1b[K(NodeT, const std::string&, rclcpp::CallbackGroup::SharedPtr, const rcl_action_client_options_t&)\x1b[m\x1b[K\xe2\x80\x99\n'}
[4.345059] (finalProject) StderrLine: {'line': b'  105 | \x1b[01;36m\x1b[Kcreate_client\x1b[m\x1b[K(\n'}
[4.345119] (finalProject) StderrLine: {'line': b'      | \x1b[01;36m\x1b[K^~~~~~~~~~~~~\x1b[m\x1b[K\n'}
[4.345179] (finalProject) StderrLine: {'line': b'\x1b[01m\x1b[K/opt/ros/jazzy/include/rclcpp_action/rclcpp_action/create_client.hpp:105:1:\x1b[m\x1b[K \x1b[01;36m\x1b[Knote: \x1b[m\x1b[K  template argument deduction/substitution failed:\n'}
[4.345237] (finalProject) StderrLine: {'line': b'\x1b[01m\x1b[K/home/shruthir/CSE180FinalProject/src/finalProject/src/navigation.cpp:170:57:\x1b[m\x1b[K \x1b[01;31m\x1b[Kerror: \x1b[m\x1b[Ktemplate argument 1 is invalid\n'}
[4.345293] (finalProject) StderrLine: {'line': b'  170 |     nav_client_ = \x1b[01;31m\x1b[Krclcpp_action::create_client<GoToPose>(\x1b[m\x1b[K\n'}
[4.345350] (finalProject) StderrLine: {'line': b'      |                   \x1b[01;31m\x1b[K~~~~~~~~~~~~~~~~~~~~~~~~~~~~~~~~~~~~~~^\x1b[m\x1b[K\n'}
[4.345405] (finalProject) StderrLine: {'line': b'  171 | \x1b[01;31m\x1b[K      this, "go_to_pose")\x1b[m\x1b[K;\n'}
[4.345460] (finalProject) StderrLine: {'line': b'      |       \x1b[01;31m\x1b[K~~~~~~~~~~~~~~~~~~~\x1b[m\x1b[K                                \n'}
[4.377924] (finalProject) StderrLine: {'line': b'\x1b[01m\x1b[K/home/shruthir/CSE180FinalProject/src/finalProject/src/navigation.cpp:\x1b[m\x1b[K In member function \xe2\x80\x98\x1b[01m\x1b[Kvoid NavigationNode::\x1b[01;32m\x1b[KpatrolStep\x1b[m\x1b[K()\x1b[m\x1b[K\xe2\x80\x99:\n'}
[4.378209] (finalProject) StderrLine: {'line': b'\x1b[01m\x1b[K/home/shruthir/CSE180FinalProject/src/finalProject/src/navigation.cpp:207:10:\x1b[m\x1b[K \x1b[01;31m\x1b[Kerror: \x1b[m\x1b[K\xe2\x80\x98\x1b[01m\x1b[Knav_client_\x1b[m\x1b[K\xe2\x80\x99 was not declared in this scope; did you mean \xe2\x80\x98\x1b[01m\x1b[Krmw_client_t\x1b[m\x1b[K\xe2\x80\x99?\n'}
[4.378321] (finalProject) StderrLine: {'line': b'  207 |     if (!\x1b[01;31m\x1b[Knav_client_\x1b[m\x1b[K->wait_for_action_server(500ms)) {\n'}
[4.378427] (finalProject) StderrLine: {'line': b'      |          \x1b[01;31m\x1b[K^~~~~~~~~~~\x1b[m\x1b[K\n'}
[4.378517] (finalProject) StderrLine: {'line': b'      |          \x1b[32m\x1b[Krmw_client_t\x1b[m\x1b[K\n'}
[4.379939] (finalProject) StderrLine: {'line': b'\x1b[01m\x1b[K/home/shruthir/CSE180FinalProject/src/finalProject/src/navigation.cpp:214:5:\x1b[m\x1b[K \x1b[01;31m\x1b[Kerror: \x1b[m\x1b[K\xe2\x80\x98\x1b[01m\x1b[KGoToPose\x1b[m\x1b[K\xe2\x80\x99 has not been declared\n'}
[4.380239] (finalProject) StderrLine: {'line': b'  214 |     \x1b[01;31m\x1b[KGoToPose\x1b[m\x1b[K::Goal goal;\n'}
[4.380401] (finalProject) StderrLine: {'line': b'      |     \x1b[01;31m\x1b[K^~~~~~~~\x1b[m\x1b[K\n'}
[4.389425] (finalProject) StderrLine: {'line': b'\x1b[01m\x1b[K/home/shruthir/CSE180FinalProject/src/finalProject/src/navigation.cpp:215:5:\x1b[m\x1b[K \x1b[01;31m\x1b[Kerror: \x1b[m\x1b[K\xe2\x80\x98\x1b[01m\x1b[Kgoal\x1b[m\x1b[K\xe2\x80\x99 was not declared in this scope\n'}
[4.389660] (finalProject) StderrLine: {'line': b'  215 |     \x1b[01;31m\x1b[Kgoal\x1b[m\x1b[K.pose = waypoints_[current_wp_];\n'}
[4.389740] (finalProject) StderrLine: {'line': b'      |     \x1b[01;31m\x1b[K^~~~\x1b[m\x1b[K\n'}
[4.398634] (finalProject) StderrLine: {'line': b'\x1b[01m\x1b[K/home/shruthir/CSE180FinalProject/src/finalProject/src/navigation.cpp:220:29:\x1b[m\x1b[K \x1b[01;31m\x1b[Kerror: \x1b[m\x1b[K\xe2\x80\x98\x1b[01m\x1b[KGoToPose\x1b[m\x1b[K\xe2\x80\x99 was not declared in this scope\n'}
[4.399015] (finalProject) StderrLine: {'line': b'  220 |       rclcpp_action::Client<\x1b[01;31m\x1b[KGoToPose\x1b[m\x1b[K>::SendGoalOptions();\n'}
[4.399172] (finalProject) StderrLine: {'line': b'      |                             \x1b[01;31m\x1b[K^~~~~~~~\x1b[m\x1b[K\n'}
[4.399318] (finalProject) StderrLine: {'line': b'\x1b[01m\x1b[K/home/shruthir/CSE180FinalProject/src/finalProject/src/navigation.cpp:220:37:\x1b[m\x1b[K \x1b[01;31m\x1b[Kerror: \x1b[m\x1b[Ktemplate argument 1 is invalid\n'}
[4.399461] (finalProject) StderrLine: {'line': b'  220 |       rclcpp_action::Client<GoToPose\x1b[01;31m\x1b[K>\x1b[m\x1b[K::SendGoalOptions();\n'}
[4.399596] (finalProject) StderrLine: {'line': b'      |                                     \x1b[01;31m\x1b[K^\x1b[m\x1b[K\n'}
[4.411495] (finalProject) StderrLine: {'line': b'\x1b[01m\x1b[K/home/shruthir/CSE180FinalProject/src/finalProject/src/navigation.cpp:232:5:\x1b[m\x1b[K \x1b[01;31m\x1b[Kerror: \x1b[m\x1b[K\xe2\x80\x98\x1b[01m\x1b[Knav_client_\x1b[m\x1b[K\xe2\x80\x99 was not declared in this scope; did you mean \xe2\x80\x98\x1b[01m\x1b[Krmw_client_t\x1b[m\x1b[K\xe2\x80\x99?\n'}
[4.411721] (finalProject) StderrLine: {'line': b'  232 |     \x1b[01;31m\x1b[Knav_client_\x1b[m\x1b[K->async_send_goal(goal, options);\n'}
[4.411792] (finalProject) StderrLine: {'line': b'      |     \x1b[01;31m\x1b[K^~~~~~~~~~~\x1b[m\x1b[K\n'}
[4.411853] (finalProject) StderrLine: {'line': b'      |     \x1b[32m\x1b[Krmw_client_t\x1b[m\x1b[K\n'}
[4.423010] (finalProject) StderrLine: {'line': b'\x1b[01m\x1b[K/home/shruthir/CSE180FinalProject/src/finalProject/src/navigation.cpp:\x1b[m\x1b[K In member function \xe2\x80\x98\x1b[01m\x1b[Kvoid NavigationNode::\x1b[01;32m\x1b[KhumansCallback\x1b[m\x1b[K(geometry_msgs::msg::PoseArray_<std::allocator<void> >::SharedPtr)\x1b[m\x1b[K\xe2\x80\x99:\n'}
[4.423403] (finalProject) StderrLine: {'line': b'\x1b[01m\x1b[K/home/shruthir/CSE180FinalProject/src/finalProject/src/navigation.cpp:249:10:\x1b[m\x1b[K \x1b[01;31m\x1b[Kerror: \x1b[m\x1b[K\xe2\x80\x98\x1b[01m\x1b[Knav_client_\x1b[m\x1b[K\xe2\x80\x99 was not declared in this scope; did you mean \xe2\x80\x98\x1b[01m\x1b[Krmw_client_t\x1b[m\x1b[K\xe2\x80\x99?\n'}
[4.423570] (finalProject) StderrLine: {'line': b'  249 |     if (!\x1b[01;31m\x1b[Knav_client_\x1b[m\x1b[K->wait_for_action_server(500ms)) {\n'}
[4.423719] (finalProject) StderrLine: {'line': b'      |          \x1b[01;31m\x1b[K^~~~~~~~~~~\x1b[m\x1b[K\n'}
[4.423862] (finalProject) StderrLine: {'line': b'      |          \x1b[32m\x1b[Krmw_client_t\x1b[m\x1b[K\n'}
[4.424002] (finalProject) StderrLine: {'line': b'\x1b[01m\x1b[K/home/shruthir/CSE180FinalProject/src/finalProject/src/navigation.cpp:253:5:\x1b[m\x1b[K \x1b[01;31m\x1b[Kerror: \x1b[m\x1b[K\xe2\x80\x98\x1b[01m\x1b[KGoToPose\x1b[m\x1b[K\xe2\x80\x99 has not been declared\n'}
[4.424140] (finalProject) StderrLine: {'line': b'  253 |     \x1b[01;31m\x1b[KGoToPose\x1b[m\x1b[K::Goal goal;\n'}
[4.424350] (finalProject) StderrLine: {'line': b'      |     \x1b[01;31m\x1b[K^~~~~~~~\x1b[m\x1b[K\n'}
[4.430207] (finalProject) StderrLine: {'line': b'\x1b[01m\x1b[K/home/shruthir/CSE180FinalProject/src/finalProject/src/navigation.cpp:254:5:\x1b[m\x1b[K \x1b[01;31m\x1b[Kerror: \x1b[m\x1b[K\xe2\x80\x98\x1b[01m\x1b[Kgoal\x1b[m\x1b[K\xe2\x80\x99 was not declared in this scope\n'}
[4.430558] (finalProject) StderrLine: {'line': b'  254 |     \x1b[01;31m\x1b[Kgoal\x1b[m\x1b[K.pose.header.frame_id = "map";\n'}
[4.430739] (finalProject) StderrLine: {'line': b'      |     \x1b[01;31m\x1b[K^~~~\x1b[m\x1b[K\n'}
[4.433886] (-) TimerEvent: {}
[4.439335] (finalProject) StderrLine: {'line': b'\x1b[01m\x1b[K/home/shruthir/CSE180FinalProject/src/finalProject/src/navigation.cpp:261:29:\x1b[m\x1b[K \x1b[01;31m\x1b[Kerror: \x1b[m\x1b[K\xe2\x80\x98\x1b[01m\x1b[KGoToPose\x1b[m\x1b[K\xe2\x80\x99 was not declared in this scope\n'}
[4.439739] (finalProject) StderrLine: {'line': b'  261 |       rclcpp_action::Client<\x1b[01;31m\x1b[KGoToPose\x1b[m\x1b[K>::SendGoalOptions();\n'}
[4.440072] (finalProject) StderrLine: {'line': b'      |                             \x1b[01;31m\x1b[K^~~~~~~~\x1b[m\x1b[K\n'}
[4.440159] (finalProject) StderrLine: {'line': b'\x1b[01m\x1b[K/home/shruthir/CSE180FinalProject/src/finalProject/src/navigation.cpp:261:37:\x1b[m\x1b[K \x1b[01;31m\x1b[Kerror: \x1b[m\x1b[Ktemplate argument 1 is invalid\n'}
[4.440220] (finalProject) StderrLine: {'line': b'  261 |       rclcpp_action::Client<GoToPose\x1b[01;31m\x1b[K>\x1b[m\x1b[K::SendGoalOptions();\n'}
[4.440274] (finalProject) StderrLine: {'line': b'      |                                     \x1b[01;31m\x1b[K^\x1b[m\x1b[K\n'}
[4.444708] (finalProject) StderrLine: {'line': b'\x1b[01m\x1b[K/home/shruthir/CSE180FinalProject/src/finalProject/src/navigation.cpp:263:20:\x1b[m\x1b[K \x1b[01;31m\x1b[Kerror: \x1b[m\x1b[K\xe2\x80\x98\x1b[01m\x1b[KGoalHandleNav\x1b[m\x1b[K\xe2\x80\x99 does not name a type\n'}
[4.445093] (finalProject) StderrLine: {'line': b'  263 |       [this](const \x1b[01;31m\x1b[KGoalHandleNav\x1b[m\x1b[K::WrappedResult &res){\n'}
[4.445273] (finalProject) StderrLine: {'line': b'      |                    \x1b[01;31m\x1b[K^~~~~~~~~~~~~\x1b[m\x1b[K\n'}
[4.445426] (finalProject) StderrLine: {'line': b'\x1b[01m\x1b[K/home/shruthir/CSE180FinalProject/src/finalProject/src/navigation.cpp:268:8:\x1b[m\x1b[K \x1b[01;31m\x1b[Kerror: \x1b[m\x1b[Kexpected \xe2\x80\x98\x1b[01m\x1b[K)\x1b[m\x1b[K\xe2\x80\x99 before \xe2\x80\x98\x1b[01m\x1b[K;\x1b[m\x1b[K\xe2\x80\x99 token\n'}
[4.445585] (finalProject) StderrLine: {'line': b'  268 |       }\x1b[01;31m\x1b[K;\x1b[m\x1b[K\n'}
[4.445728] (finalProject) StderrLine: {'line': b'      |        \x1b[01;31m\x1b[K^\x1b[m\x1b[K\n'}
[4.445866] (finalProject) StderrLine: {'line': b'\x1b[01m\x1b[K/home/shruthir/CSE180FinalProject/src/finalProject/src/navigation.cpp:263:13:\x1b[m\x1b[K \x1b[01;36m\x1b[Knote: \x1b[m\x1b[Kto match this \xe2\x80\x98\x1b[01m\x1b[K(\x1b[m\x1b[K\xe2\x80\x99\n'}
[4.446006] (finalProject) StderrLine: {'line': b'  263 |       [this]\x1b[01;36m\x1b[K(\x1b[m\x1b[Kconst GoalHandleNav::WrappedResult &res){\n'}
[4.446141] (finalProject) StderrLine: {'line': b'      |             \x1b[01;36m\x1b[K^\x1b[m\x1b[K\n'}
[4.446273] (finalProject) StderrLine: {'line': b'\x1b[01m\x1b[K/home/shruthir/CSE180FinalProject/src/finalProject/src/navigation.cpp:\x1b[m\x1b[K In lambda function:\n'}
[4.446481] (finalProject) StderrLine: {'line': b'\x1b[01m\x1b[K/home/shruthir/CSE180FinalProject/src/finalProject/src/navigation.cpp:268:8:\x1b[m\x1b[K \x1b[01;31m\x1b[Kerror: \x1b[m\x1b[Kexpected \xe2\x80\x98\x1b[01m\x1b[K{\x1b[m\x1b[K\xe2\x80\x99 before \xe2\x80\x98\x1b[01m\x1b[K;\x1b[m\x1b[K\xe2\x80\x99 token\n'}
[4.446635] (finalProject) StderrLine: {'line': b'  268 |       }\x1b[01;31m\x1b[K;\x1b[m\x1b[K\n'}
[4.446772] (finalProject) StderrLine: {'line': b'      |        \x1b[01;31m\x1b[K^\x1b[m\x1b[K\n'}
[4.454554] (finalProject) StderrLine: {'line': b'\x1b[01m\x1b[K/home/shruthir/CSE180FinalProject/src/finalProject/src/navigation.cpp:\x1b[m\x1b[K In member function \xe2\x80\x98\x1b[01m\x1b[Kvoid NavigationNode::\x1b[01;32m\x1b[KhumansCallback\x1b[m\x1b[K(geometry_msgs::msg::PoseArray_<std::allocator<void> >::SharedPtr)\x1b[m\x1b[K\xe2\x80\x99:\n'}
[4.454880] (finalProject) StderrLine: {'line': b'\x1b[01m\x1b[K/home/shruthir/CSE180FinalProject/src/finalProject/src/navigation.cpp:271:5:\x1b[m\x1b[K \x1b[01;31m\x1b[Kerror: \x1b[m\x1b[K\xe2\x80\x98\x1b[01m\x1b[Knav_client_\x1b[m\x1b[K\xe2\x80\x99 was not declared in this scope; did you mean \xe2\x80\x98\x1b[01m\x1b[Krmw_client_t\x1b[m\x1b[K\xe2\x80\x99?\n'}
[4.455023] (finalProject) StderrLine: {'line': b'  271 |     \x1b[01;31m\x1b[Knav_client_\x1b[m\x1b[K->async_send_goal(goal, options);\n'}
[4.455144] (finalProject) StderrLine: {'line': b'      |     \x1b[01;31m\x1b[K^~~~~~~~~~~\x1b[m\x1b[K\n'}
[4.455262] (finalProject) StderrLine: {'line': b'      |     \x1b[32m\x1b[Krmw_client_t\x1b[m\x1b[K\n'}
[4.534062] (-) TimerEvent: {}
[4.634476] (-) TimerEvent: {}
[4.734854] (-) TimerEvent: {}
[4.835387] (-) TimerEvent: {}
[4.935934] (-) TimerEvent: {}
[5.036420] (-) TimerEvent: {}
[5.136963] (-) TimerEvent: {}
[5.237408] (-) TimerEvent: {}
[5.337985] (-) TimerEvent: {}
[5.438611] (-) TimerEvent: {}
[5.539104] (-) TimerEvent: {}
[5.639697] (-) TimerEvent: {}
[5.740261] (-) TimerEvent: {}
[5.840630] (-) TimerEvent: {}
[5.941052] (-) TimerEvent: {}
[6.041486] (-) TimerEvent: {}
[6.141827] (-) TimerEvent: {}
[6.242349] (-) TimerEvent: {}
[6.342998] (-) TimerEvent: {}
[6.443590] (-) TimerEvent: {}
[6.544172] (-) TimerEvent: {}
[6.644722] (-) TimerEvent: {}
[6.745187] (-) TimerEvent: {}
[6.845703] (-) TimerEvent: {}
[6.946118] (-) TimerEvent: {}
[7.046773] (-) TimerEvent: {}
[7.147249] (-) TimerEvent: {}
[7.247640] (-) TimerEvent: {}
[7.348056] (-) TimerEvent: {}
[7.448536] (-) TimerEvent: {}
[7.548975] (-) TimerEvent: {}
[7.649404] (-) TimerEvent: {}
[7.749883] (-) TimerEvent: {}
[7.766305] (finalProject) StderrLine: {'line': b'gmake[2]: *** [CMakeFiles/navigation_node.dir/build.make:76: CMakeFiles/navigation_node.dir/src/navigation.cpp.o] Error 1\n'}
[7.766880] (finalProject) StderrLine: {'line': b'gmake[1]: *** [CMakeFiles/Makefile2:141: CMakeFiles/navigation_node.dir/all] Error 2\n'}
[7.767144] (finalProject) StderrLine: {'line': b'gmake: *** [Makefile:146: all] Error 2\n'}
[7.769500] (finalProject) CommandEnded: {'returncode': 2}
[7.783640] (finalProject) JobEnded: {'identifier': 'finalProject', 'rc': 2}
[7.795054] (-) EventReactorShutdown: {}
