[0.018s] Invoking command in '/home/shruthir/CSE180FinalProject/build/finalProject': CMAKE_PREFIX_PATH=${CMAKE_PREFIX_PATH}:/opt/ros/jazzy DEBUGINFOD_URLS=https://debuginfod.ubuntu.com /usr/bin/cmake --build /home/shruthir/CSE180FinalProject/build/finalProject -- -j12 -l12
[0.072s] [ 33%] Built target perception_node
[0.073s] [ 50%] [32mBuilding CXX object CMakeFiles/navigation_node.dir/src/navigation.cpp.o[0m
[0.079s] [ 83%] Built target locomotion_node
[0.290s] In file included from [01m[K/home/shruthir/CSE180FinalProject/src/finalProject/src/navigation.cpp:12[m[K:
[0.290s] [01m[K/home/shruthir/CSE180FinalProject/src/finalProject/src/nav.hpp:18:10:[m[K [01;31m[Kfatal error: [m[KfinalProject/src/nav.hpp: No such file or directory
[0.290s]    18 | #include [01;31m[K<finalProject/src/nav.hpp>[m[K
[0.291s]       |          [01;31m[K^~~~~~~~~~~~~~~~~~~~~~~~~~[m[K
[0.291s] compilation terminated.
[0.291s] gmake[2]: *** [CMakeFiles/navigation_node.dir/build.make:76: CMakeFiles/navigation_node.dir/src/navigation.cpp.o] Error 1
[0.292s] gmake[1]: *** [CMakeFiles/Makefile2:141: CMakeFiles/navigation_node.dir/all] Error 2
[0.292s] gmake: *** [Makefile:146: all] Error 2
[0.294s] Invoked command in '/home/shruthir/CSE180FinalProject/build/finalProject' returned '2': CMAKE_PREFIX_PATH=${CMAKE_PREFIX_PATH}:/opt/ros/jazzy DEBUGINFOD_URLS=https://debuginfod.ubuntu.com /usr/bin/cmake --build /home/shruthir/CSE180FinalProject/build/finalProject -- -j12 -l12
